<?xml version="1.0" encoding="UTF-8"?>
<testsuites name="TS01 MenuCheck" time="219.683" tests="14" failures="4" errors="1">
   <testsuite name="TS01 MenuCheck" tests="14" failures="4" errors="1" time="219.683" skipped="0" timestamp="2023-12-18 12:36:01" hostname="maart - 192.168.1.100" id="Test Suites/TS01 MenuCheck">
      <properties>
         <property name="deviceName" value=""/>
         <property name="devicePlatform" value=""/>
         <property name="logFolder" value="C:\\Users\\maart\\Katalon Studio\\RisQIT Website\\Reports\\20231218_123553\\TS01 MenuCheck\\20231218_123554"/>
         <property name="logFiles" value="C:\\Users\\maart\\Katalon Studio\\RisQIT Website\\Reports\\20231218_123553\\TS01 MenuCheck\\20231218_123554\\execution0.log"/>
         <property name="attachments" value="C:\\Users\\maart\\Katalon Studio\\RisQIT Website\\Reports\\20231218_123553\\TS01 MenuCheck\\20231218_123554\\1702899425618.png, C:\\Users\\maart\\Katalon Studio\\RisQIT Website\\Reports\\20231218_123553\\TS01 MenuCheck\\20231218_123554\\1702899430589.png, C:\\Users\\maart\\Katalon Studio\\RisQIT Website\\Reports\\20231218_123553\\TS01 MenuCheck\\20231218_123554\\1702899437359.png, C:\\Users\\maart\\Katalon Studio\\RisQIT Website\\Reports\\20231218_123553\\TS01 MenuCheck\\20231218_123554\\1702899488314.png"/>
         <property name="hostName" value="maart - 192.168.1.100"/>
         <property name="os" value="Windows 11 64bit"/>
         <property name="katalonVersion" value="9.0.0.212"/>
         <property name="browser" value="Chrome 120.0.0.0"/>
         <property name="hostAddress" value="192.168.1.100"/>
         <property name="sessionId" value="67ee56daae7ad5b06e97c81b9e85c41a"/>
         <property name="seleniumVersion" value="3.141.59"/>
         <property name="proxyInformation" value="ProxyInformation { proxyOption=NO_PROXY, proxyServerType=HTTP, username=, password=********, proxyServerAddress=, proxyServerPort=0, executionList=&quot;&quot;, isApplyToDesiredCapabilities=true }"/>
         <property name="platform" value="Windows 11"/>
      </properties>
      <testcase name="Test Cases/Menu/RT001 MenuClicks - Homepage" time="21.14" classname="Test Cases/Menu/RT001 MenuClicks - Homepage" status="PASSED">
         <system-out><![CDATA[2023-12-18 12:36:01 - [TEST_CASE][PASSED] - Test Cases/Menu/RT001 MenuClicks - Homepage: Test Cases/Menu/RT001 MenuClicks - Homepage

2023-12-18 12:36:01 - [TEST_STEP][PASSED] - openBrowser(""): Browser is opened with url: ''

2023-12-18 12:36:01 - [MESSAGE][INFO] - Starting 'Chrome' driver

2023-12-18 12:36:01 - [MESSAGE][INFO] - Action delay is set to 0 milliseconds

2023-12-18 12:36:03 - [MESSAGE][PASSED] - Browser is opened with url: ''

2023-12-18 12:36:03 - [TEST_STEP][PASSED] - maximizeWindow(): Current window maximized

2023-12-18 12:36:03 - [MESSAGE][PASSED] - Current window maximized

2023-12-18 12:36:03 - [TEST_STEP][PASSED] - navigateToUrl(URL): Navigate to 'https://nlrisqitww-chaca.savviihq.com/' successfully

2023-12-18 12:36:04 - [MESSAGE][PASSED] - Navigate to 'https://nlrisqitww-chaca.savviihq.com/' successfully

2023-12-18 12:36:04 - [TEST_STEP][PASSED] - mouseOver(findTestObject("MenuTopbar/btn_Menu_Diensten")): Object: 'Object Repository/MenuTopbar/btn_Menu_Diensten' is hovered

2023-12-18 12:36:04 - [MESSAGE][PASSED] - Object: 'Object Repository/MenuTopbar/btn_Menu_Diensten' is hovered

2023-12-18 12:36:04 - [TEST_STEP][PASSED] - click(findTestObject("MenuTopbar/btn_Menu_Diensten_SoftwareTesting")): Object: 'Object Repository/MenuTopbar/btn_Menu_Diensten_SoftwareTesting' is clicked on

2023-12-18 12:36:05 - [MESSAGE][PASSED] - Object: 'Object Repository/MenuTopbar/btn_Menu_Diensten_SoftwareTesting' is clicked on

2023-12-18 12:36:05 - [TEST_STEP][PASSED] - verifyElementText(findTestObject("Object Repository/Page_Software Testing - RisQIT/h1_Software Testing"), "Software Testing"): Actual text and expected text of test object 'Object Repository/Page_Software Testing - RisQIT/h1_Software Testing' are matched.

2023-12-18 12:36:05 - [MESSAGE][PASSED] - Actual text and expected text of test object 'Object Repository/Page_Software Testing - RisQIT/h1_Software Testing' are matched.

2023-12-18 12:36:05 - [TEST_STEP][PASSED] - navigateToUrl(URL): Navigate to 'https://nlrisqitww-chaca.savviihq.com/' successfully

2023-12-18 12:36:06 - [MESSAGE][PASSED] - Navigate to 'https://nlrisqitww-chaca.savviihq.com/' successfully

2023-12-18 12:36:06 - [TEST_STEP][PASSED] - mouseOver(findTestObject("MenuTopbar/btn_Menu_Diensten")): Object: 'Object Repository/MenuTopbar/btn_Menu_Diensten' is hovered

2023-12-18 12:36:06 - [MESSAGE][PASSED] - Object: 'Object Repository/MenuTopbar/btn_Menu_Diensten' is hovered

2023-12-18 12:36:06 - [TEST_STEP][PASSED] - click(findTestObject("MenuTopbar/btn_Menu_Diensten_SHT")): Object: 'Object Repository/MenuTopbar/btn_Menu_Diensten_SHT' is clicked on

2023-12-18 12:36:07 - [MESSAGE][PASSED] - Object: 'Object Repository/MenuTopbar/btn_Menu_Diensten_SHT' is clicked on

2023-12-18 12:36:07 - [TEST_STEP][PASSED] - verifyElementText(findTestObject("Page_Security en HackersTest (SHT) - RisQIT/h1_Security en HackersTest (SHT)"), "Security En HackersTest (SHT)"): Actual text and expected text of test object 'Object Repository/Page_Security en HackersTest (SHT) - RisQIT/h1_Security en HackersTest (SHT)' are matched.

2023-12-18 12:36:07 - [MESSAGE][PASSED] - Actual text and expected text of test object 'Object Repository/Page_Security en HackersTest (SHT) - RisQIT/h1_Security en HackersTest (SHT)' are matched.

2023-12-18 12:36:07 - [TEST_STEP][PASSED] - navigateToUrl(URL): Navigate to 'https://nlrisqitww-chaca.savviihq.com/' successfully

2023-12-18 12:36:08 - [MESSAGE][PASSED] - Navigate to 'https://nlrisqitww-chaca.savviihq.com/' successfully

2023-12-18 12:36:08 - [TEST_STEP][PASSED] - mouseOver(findTestObject("MenuTopbar/btn_Menu_Diensten")): Object: 'Object Repository/MenuTopbar/btn_Menu_Diensten' is hovered

2023-12-18 12:36:08 - [MESSAGE][PASSED] - Object: 'Object Repository/MenuTopbar/btn_Menu_Diensten' is hovered

2023-12-18 12:36:08 - [TEST_STEP][PASSED] - click(findTestObject("MenuTopbar/btn_Menu_Diensten_UXLab")): Object: 'Object Repository/MenuTopbar/btn_Menu_Diensten_UXLab' is clicked on

2023-12-18 12:36:09 - [MESSAGE][PASSED] - Object: 'Object Repository/MenuTopbar/btn_Menu_Diensten_UXLab' is clicked on

2023-12-18 12:36:09 - [TEST_STEP][PASSED] - verifyElementText(findTestObject("Object Repository/Page_UX Lab - RisQIT/h1_UX Lab"), "UX Lab"): Actual text and expected text of test object 'Object Repository/Page_UX Lab - RisQIT/h1_UX Lab' are matched.

2023-12-18 12:36:09 - [MESSAGE][PASSED] - Actual text and expected text of test object 'Object Repository/Page_UX Lab - RisQIT/h1_UX Lab' are matched.

2023-12-18 12:36:09 - [TEST_STEP][PASSED] - navigateToUrl(URL): Navigate to 'https://nlrisqitww-chaca.savviihq.com/' successfully

2023-12-18 12:36:09 - [MESSAGE][PASSED] - Navigate to 'https://nlrisqitww-chaca.savviihq.com/' successfully

2023-12-18 12:36:09 - [TEST_STEP][PASSED] - click(findTestObject("MenuTopbar/btn_Menu_OverOns")): Object: 'Object Repository/MenuTopbar/btn_Menu_OverOns' is clicked on

2023-12-18 12:36:10 - [MESSAGE][PASSED] - Object: 'Object Repository/MenuTopbar/btn_Menu_OverOns' is clicked on

2023-12-18 12:36:10 - [TEST_STEP][PASSED] - verifyElementText(findTestObject("Object Repository/Page_Over ons - RisQIT/h1_Over ons"), "Over Ons"): Actual text and expected text of test object 'Object Repository/Page_Over ons - RisQIT/h1_Over ons' are matched.

2023-12-18 12:36:11 - [MESSAGE][PASSED] - Actual text and expected text of test object 'Object Repository/Page_Over ons - RisQIT/h1_Over ons' are matched.

2023-12-18 12:36:11 - [TEST_STEP][PASSED] - navigateToUrl(URL): Navigate to 'https://nlrisqitww-chaca.savviihq.com/' successfully

2023-12-18 12:36:11 - [MESSAGE][PASSED] - Navigate to 'https://nlrisqitww-chaca.savviihq.com/' successfully

2023-12-18 12:36:11 - [TEST_STEP][PASSED] - mouseOver(findTestObject("MenuTopbar/btn_Menu_OverOns")): Object: 'Object Repository/MenuTopbar/btn_Menu_OverOns' is hovered

2023-12-18 12:36:11 - [MESSAGE][PASSED] - Object: 'Object Repository/MenuTopbar/btn_Menu_OverOns' is hovered

2023-12-18 12:36:11 - [TEST_STEP][PASSED] - click(findTestObject("MenuTopbar/btn_Menu_OverOns_MissieVisie")): Object: 'Object Repository/MenuTopbar/btn_Menu_OverOns_MissieVisie' is clicked on

2023-12-18 12:36:12 - [MESSAGE][PASSED] - Object: 'Object Repository/MenuTopbar/btn_Menu_OverOns_MissieVisie' is clicked on

2023-12-18 12:36:12 - [TEST_STEP][PASSED] - verifyElementText(findTestObject("Object Repository/Page_Missie  Visie - RisQIT/h1_Missie  Visie"), "Missie & Visie"): Actual text and expected text of test object 'Object Repository/Page_Missie  Visie - RisQIT/h1_Missie  Visie' are matched.

2023-12-18 12:36:13 - [MESSAGE][PASSED] - Actual text and expected text of test object 'Object Repository/Page_Missie  Visie - RisQIT/h1_Missie  Visie' are matched.

2023-12-18 12:36:13 - [TEST_STEP][PASSED] - navigateToUrl(URL): Navigate to 'https://nlrisqitww-chaca.savviihq.com/' successfully

2023-12-18 12:36:13 - [MESSAGE][PASSED] - Navigate to 'https://nlrisqitww-chaca.savviihq.com/' successfully

2023-12-18 12:36:13 - [TEST_STEP][PASSED] - mouseOver(findTestObject("MenuTopbar/btn_Menu_OverOns")): Object: 'Object Repository/MenuTopbar/btn_Menu_OverOns' is hovered

2023-12-18 12:36:14 - [MESSAGE][PASSED] - Object: 'Object Repository/MenuTopbar/btn_Menu_OverOns' is hovered

2023-12-18 12:36:14 - [TEST_STEP][PASSED] - click(findTestObject("MenuTopbar/btn_Menu_OverOns_HetGilde")): Object: 'Object Repository/MenuTopbar/btn_Menu_OverOns_HetGilde' is clicked on

2023-12-18 12:36:14 - [MESSAGE][PASSED] - Object: 'Object Repository/MenuTopbar/btn_Menu_OverOns_HetGilde' is clicked on

2023-12-18 12:36:14 - [TEST_STEP][PASSED] - verifyElementText(findTestObject("Object Repository/Page_Het Gilde - RisQIT/h1_Het Gilde"), "Het Gilde"): Actual text and expected text of test object 'Object Repository/Page_Het Gilde - RisQIT/h1_Het Gilde' are matched.

2023-12-18 12:36:15 - [MESSAGE][PASSED] - Actual text and expected text of test object 'Object Repository/Page_Het Gilde - RisQIT/h1_Het Gilde' are matched.

2023-12-18 12:36:15 - [TEST_STEP][PASSED] - navigateToUrl(URL): Navigate to 'https://nlrisqitww-chaca.savviihq.com/' successfully

2023-12-18 12:36:15 - [MESSAGE][PASSED] - Navigate to 'https://nlrisqitww-chaca.savviihq.com/' successfully

2023-12-18 12:36:15 - [TEST_STEP][PASSED] - mouseOver(findTestObject("MenuTopbar/btn_Menu_OverOns")): Object: 'Object Repository/MenuTopbar/btn_Menu_OverOns' is hovered

2023-12-18 12:36:16 - [MESSAGE][PASSED] - Object: 'Object Repository/MenuTopbar/btn_Menu_OverOns' is hovered

2023-12-18 12:36:16 - [TEST_STEP][PASSED] - click(findTestObject("MenuTopbar/btn_Menu_OverOns_SuperTester")): Object: 'Object Repository/MenuTopbar/btn_Menu_OverOns_SuperTester' is clicked on

2023-12-18 12:36:16 - [MESSAGE][PASSED] - Object: 'Object Repository/MenuTopbar/btn_Menu_OverOns_SuperTester' is clicked on

2023-12-18 12:36:16 - [TEST_STEP][PASSED] - verifyElementText(findTestObject("Object Repository/Page_SuperTester - RisQIT/h1_Whitepaper SuperTester"), "Whitepaper SuperTester"): Actual text and expected text of test object 'Object Repository/Page_SuperTester - RisQIT/h1_Whitepaper SuperTester' are matched.

2023-12-18 12:36:17 - [MESSAGE][PASSED] - Actual text and expected text of test object 'Object Repository/Page_SuperTester - RisQIT/h1_Whitepaper SuperTester' are matched.

2023-12-18 12:36:17 - [TEST_STEP][PASSED] - navigateToUrl(URL): Navigate to 'https://nlrisqitww-chaca.savviihq.com/' successfully

2023-12-18 12:36:17 - [MESSAGE][PASSED] - Navigate to 'https://nlrisqitww-chaca.savviihq.com/' successfully

2023-12-18 12:36:17 - [TEST_STEP][PASSED] - click(findTestObject("MenuTopbar/btn_Menu_Blog")): Object: 'Object Repository/MenuTopbar/btn_Menu_Blog' is clicked on

2023-12-18 12:36:18 - [MESSAGE][PASSED] - Object: 'Object Repository/MenuTopbar/btn_Menu_Blog' is clicked on

2023-12-18 12:36:18 - [TEST_STEP][PASSED] - verifyElementText(findTestObject("Object Repository/Page_Blog - RisQIT/h1_Blog"), "Blog"): Actual text and expected text of test object 'Object Repository/Page_Blog - RisQIT/h1_Blog' are matched.

2023-12-18 12:36:18 - [MESSAGE][PASSED] - Actual text and expected text of test object 'Object Repository/Page_Blog - RisQIT/h1_Blog' are matched.

2023-12-18 12:36:18 - [TEST_STEP][PASSED] - click(findTestObject("MenuTopbar/btn_Menu_Vacatures")): Object: 'Object Repository/MenuTopbar/btn_Menu_Vacatures' is clicked on

2023-12-18 12:36:19 - [MESSAGE][PASSED] - Object: 'Object Repository/MenuTopbar/btn_Menu_Vacatures' is clicked on

2023-12-18 12:36:19 - [TEST_STEP][PASSED] - verifyElementText(findTestObject("Object Repository/Page_Vacatures - RisQIT/h1_Vacatures"), "Vacatures"): Actual text and expected text of test object 'Object Repository/Page_Vacatures - RisQIT/h1_Vacatures' are matched.

2023-12-18 12:36:20 - [MESSAGE][PASSED] - Actual text and expected text of test object 'Object Repository/Page_Vacatures - RisQIT/h1_Vacatures' are matched.

2023-12-18 12:36:20 - [TEST_STEP][PASSED] - navigateToUrl(URL): Navigate to 'https://nlrisqitww-chaca.savviihq.com/' successfully

2023-12-18 12:36:20 - [MESSAGE][PASSED] - Navigate to 'https://nlrisqitww-chaca.savviihq.com/' successfully

2023-12-18 12:36:20 - [TEST_STEP][PASSED] - click(findTestObject("Object Repository/MenuTopbar/Page_Vacatures - RisQIT/div_Contact opnemen")): Object: 'Object Repository/MenuTopbar/Page_Vacatures - RisQIT/div_Contact opnemen' is clicked on

2023-12-18 12:36:20 - [MESSAGE][PASSED] - Object: 'Object Repository/MenuTopbar/Page_Vacatures - RisQIT/div_Contact opnemen' is clicked on

2023-12-18 12:36:20 - [TEST_STEP][PASSED] - verifyElementText(findTestObject("Object Repository/Page_Contact - RisQIT/h1_Contact"), "Contact"): Actual text and expected text of test object 'Object Repository/Page_Contact - RisQIT/h1_Contact' are matched.

2023-12-18 12:36:21 - [MESSAGE][PASSED] - Actual text and expected text of test object 'Object Repository/Page_Contact - RisQIT/h1_Contact' are matched.

2023-12-18 12:36:21 - [TEST_STEP][PASSED] - click(findTestObject("MenuTopbar/img_Logo")): Object: 'Object Repository/MenuTopbar/img_Logo' is clicked on

2023-12-18 12:36:21 - [MESSAGE][PASSED] - Object: 'Object Repository/MenuTopbar/img_Logo' is clicked on

2023-12-18 12:36:21 - [TEST_STEP][PASSED] - verifyElementText(findTestObject("Object Repository/Page_Home - RisQIT/h1_Ga voor duurzaamheid en vertrouwen, same_4bc4a8"), "Ga voor duurzaamheid en vertrouwen, samen met ons!"): Actual text and expected text of test object 'Object Repository/Page_Home - RisQIT/h1_Ga voor duurzaamheid en vertrouwen, same_4bc4a8' are matched.

2023-12-18 12:36:22 - [MESSAGE][PASSED] - Actual text and expected text of test object 'Object Repository/Page_Home - RisQIT/h1_Ga voor duurzaamheid en vertrouwen, same_4bc4a8' are matched.

2023-12-18 12:36:22 - [TEST_STEP][PASSED] - closeBrowser(): Browser is closed

2023-12-18 12:36:22 - [MESSAGE][PASSED] - Browser is closed]]></system-out>
         <system-err><![CDATA[]]></system-err>
      </testcase>
      <testcase name="Test Cases/Menu/RT002 MenuClicks - SoftwareTesting" time="20.12" classname="Test Cases/Menu/RT002 MenuClicks - SoftwareTesting" status="PASSED">
         <system-out><![CDATA[2023-12-18 12:36:22 - [TEST_CASE][PASSED] - Test Cases/Menu/RT002 MenuClicks - SoftwareTesting: Test Cases/Menu/RT002 MenuClicks - SoftwareTesting

2023-12-18 12:36:22 - [TEST_STEP][PASSED] - openBrowser(""): Browser is opened with url: ''

2023-12-18 12:36:22 - [MESSAGE][INFO] - Starting 'Chrome' driver

2023-12-18 12:36:22 - [MESSAGE][INFO] - Action delay is set to 0 milliseconds

2023-12-18 12:36:23 - [MESSAGE][PASSED] - Browser is opened with url: ''

2023-12-18 12:36:23 - [TEST_STEP][PASSED] - maximizeWindow(): Current window maximized

2023-12-18 12:36:23 - [MESSAGE][PASSED] - Current window maximized

2023-12-18 12:36:23 - [TEST_STEP][PASSED] - navigateToUrl(URL + SOFTWARETESTING): Navigate to 'https://nlrisqitww-chaca.savviihq.com/software-testing/' successfully

2023-12-18 12:36:24 - [MESSAGE][PASSED] - Navigate to 'https://nlrisqitww-chaca.savviihq.com/software-testing/' successfully

2023-12-18 12:36:24 - [TEST_STEP][PASSED] - mouseOver(findTestObject("MenuTopbar/btn_Menu_Diensten")): Object: 'Object Repository/MenuTopbar/btn_Menu_Diensten' is hovered

2023-12-18 12:36:24 - [MESSAGE][PASSED] - Object: 'Object Repository/MenuTopbar/btn_Menu_Diensten' is hovered

2023-12-18 12:36:24 - [TEST_STEP][PASSED] - click(findTestObject("MenuTopbar/btn_Menu_Diensten_SoftwareTesting")): Object: 'Object Repository/MenuTopbar/btn_Menu_Diensten_SoftwareTesting' is clicked on

2023-12-18 12:36:25 - [MESSAGE][PASSED] - Object: 'Object Repository/MenuTopbar/btn_Menu_Diensten_SoftwareTesting' is clicked on

2023-12-18 12:36:25 - [TEST_STEP][PASSED] - verifyElementText(findTestObject("Object Repository/Page_Software Testing - RisQIT/h1_Software Testing"), "Software Testing"): Actual text and expected text of test object 'Object Repository/Page_Software Testing - RisQIT/h1_Software Testing' are matched.

2023-12-18 12:36:26 - [MESSAGE][PASSED] - Actual text and expected text of test object 'Object Repository/Page_Software Testing - RisQIT/h1_Software Testing' are matched.

2023-12-18 12:36:26 - [TEST_STEP][PASSED] - navigateToUrl(URL + SOFTWARETESTING): Navigate to 'https://nlrisqitww-chaca.savviihq.com/software-testing/' successfully

2023-12-18 12:36:26 - [MESSAGE][PASSED] - Navigate to 'https://nlrisqitww-chaca.savviihq.com/software-testing/' successfully

2023-12-18 12:36:26 - [TEST_STEP][PASSED] - mouseOver(findTestObject("MenuTopbar/btn_Menu_Diensten")): Object: 'Object Repository/MenuTopbar/btn_Menu_Diensten' is hovered

2023-12-18 12:36:26 - [MESSAGE][PASSED] - Object: 'Object Repository/MenuTopbar/btn_Menu_Diensten' is hovered

2023-12-18 12:36:26 - [TEST_STEP][PASSED] - click(findTestObject("MenuTopbar/btn_Menu_Diensten_SHT")): Object: 'Object Repository/MenuTopbar/btn_Menu_Diensten_SHT' is clicked on

2023-12-18 12:36:27 - [MESSAGE][PASSED] - Object: 'Object Repository/MenuTopbar/btn_Menu_Diensten_SHT' is clicked on

2023-12-18 12:36:27 - [TEST_STEP][PASSED] - verifyElementText(findTestObject("Page_Security en HackersTest (SHT) - RisQIT/h1_Security en HackersTest (SHT)"), "Security En HackersTest (SHT)"): Actual text and expected text of test object 'Object Repository/Page_Security en HackersTest (SHT) - RisQIT/h1_Security en HackersTest (SHT)' are matched.

2023-12-18 12:36:28 - [MESSAGE][PASSED] - Actual text and expected text of test object 'Object Repository/Page_Security en HackersTest (SHT) - RisQIT/h1_Security en HackersTest (SHT)' are matched.

2023-12-18 12:36:28 - [TEST_STEP][PASSED] - navigateToUrl(URL + SOFTWARETESTING): Navigate to 'https://nlrisqitww-chaca.savviihq.com/software-testing/' successfully

2023-12-18 12:36:28 - [MESSAGE][PASSED] - Navigate to 'https://nlrisqitww-chaca.savviihq.com/software-testing/' successfully

2023-12-18 12:36:28 - [TEST_STEP][PASSED] - mouseOver(findTestObject("MenuTopbar/btn_Menu_Diensten")): Object: 'Object Repository/MenuTopbar/btn_Menu_Diensten' is hovered

2023-12-18 12:36:29 - [MESSAGE][PASSED] - Object: 'Object Repository/MenuTopbar/btn_Menu_Diensten' is hovered

2023-12-18 12:36:29 - [TEST_STEP][PASSED] - click(findTestObject("MenuTopbar/btn_Menu_Diensten_UXLab")): Object: 'Object Repository/MenuTopbar/btn_Menu_Diensten_UXLab' is clicked on

2023-12-18 12:36:29 - [MESSAGE][PASSED] - Object: 'Object Repository/MenuTopbar/btn_Menu_Diensten_UXLab' is clicked on

2023-12-18 12:36:29 - [TEST_STEP][PASSED] - verifyElementText(findTestObject("Object Repository/Page_UX Lab - RisQIT/h1_UX Lab"), "UX Lab"): Actual text and expected text of test object 'Object Repository/Page_UX Lab - RisQIT/h1_UX Lab' are matched.

2023-12-18 12:36:30 - [MESSAGE][PASSED] - Actual text and expected text of test object 'Object Repository/Page_UX Lab - RisQIT/h1_UX Lab' are matched.

2023-12-18 12:36:30 - [TEST_STEP][PASSED] - navigateToUrl(URL + SOFTWARETESTING): Navigate to 'https://nlrisqitww-chaca.savviihq.com/software-testing/' successfully

2023-12-18 12:36:30 - [MESSAGE][PASSED] - Navigate to 'https://nlrisqitww-chaca.savviihq.com/software-testing/' successfully

2023-12-18 12:36:30 - [TEST_STEP][PASSED] - click(findTestObject("MenuTopbar/btn_Menu_OverOns")): Object: 'Object Repository/MenuTopbar/btn_Menu_OverOns' is clicked on

2023-12-18 12:36:31 - [MESSAGE][PASSED] - Object: 'Object Repository/MenuTopbar/btn_Menu_OverOns' is clicked on

2023-12-18 12:36:31 - [TEST_STEP][PASSED] - verifyElementText(findTestObject("Object Repository/Page_Over ons - RisQIT/h1_Over ons"), "Over Ons"): Actual text and expected text of test object 'Object Repository/Page_Over ons - RisQIT/h1_Over ons' are matched.

2023-12-18 12:36:31 - [MESSAGE][PASSED] - Actual text and expected text of test object 'Object Repository/Page_Over ons - RisQIT/h1_Over ons' are matched.

2023-12-18 12:36:31 - [TEST_STEP][PASSED] - navigateToUrl(URL + SOFTWARETESTING): Navigate to 'https://nlrisqitww-chaca.savviihq.com/software-testing/' successfully

2023-12-18 12:36:31 - [MESSAGE][PASSED] - Navigate to 'https://nlrisqitww-chaca.savviihq.com/software-testing/' successfully

2023-12-18 12:36:31 - [TEST_STEP][PASSED] - mouseOver(findTestObject("MenuTopbar/btn_Menu_OverOns")): Object: 'Object Repository/MenuTopbar/btn_Menu_OverOns' is hovered

2023-12-18 12:36:32 - [MESSAGE][PASSED] - Object: 'Object Repository/MenuTopbar/btn_Menu_OverOns' is hovered

2023-12-18 12:36:32 - [TEST_STEP][PASSED] - click(findTestObject("MenuTopbar/btn_Menu_OverOns_MissieVisie")): Object: 'Object Repository/MenuTopbar/btn_Menu_OverOns_MissieVisie' is clicked on

2023-12-18 12:36:33 - [MESSAGE][PASSED] - Object: 'Object Repository/MenuTopbar/btn_Menu_OverOns_MissieVisie' is clicked on

2023-12-18 12:36:33 - [TEST_STEP][PASSED] - verifyElementText(findTestObject("Object Repository/Page_Missie  Visie - RisQIT/h1_Missie  Visie"), "Missie & Visie"): Actual text and expected text of test object 'Object Repository/Page_Missie  Visie - RisQIT/h1_Missie  Visie' are matched.

2023-12-18 12:36:33 - [MESSAGE][PASSED] - Actual text and expected text of test object 'Object Repository/Page_Missie  Visie - RisQIT/h1_Missie  Visie' are matched.

2023-12-18 12:36:33 - [TEST_STEP][PASSED] - navigateToUrl(URL + SOFTWARETESTING): Navigate to 'https://nlrisqitww-chaca.savviihq.com/software-testing/' successfully

2023-12-18 12:36:33 - [MESSAGE][PASSED] - Navigate to 'https://nlrisqitww-chaca.savviihq.com/software-testing/' successfully

2023-12-18 12:36:33 - [TEST_STEP][PASSED] - mouseOver(findTestObject("MenuTopbar/btn_Menu_OverOns")): Object: 'Object Repository/MenuTopbar/btn_Menu_OverOns' is hovered

2023-12-18 12:36:34 - [MESSAGE][PASSED] - Object: 'Object Repository/MenuTopbar/btn_Menu_OverOns' is hovered

2023-12-18 12:36:34 - [TEST_STEP][PASSED] - click(findTestObject("MenuTopbar/btn_Menu_OverOns_HetGilde")): Object: 'Object Repository/MenuTopbar/btn_Menu_OverOns_HetGilde' is clicked on

2023-12-18 12:36:35 - [MESSAGE][PASSED] - Object: 'Object Repository/MenuTopbar/btn_Menu_OverOns_HetGilde' is clicked on

2023-12-18 12:36:35 - [TEST_STEP][PASSED] - verifyElementText(findTestObject("Object Repository/Page_Het Gilde - RisQIT/h1_Het Gilde"), "Het Gilde"): Actual text and expected text of test object 'Object Repository/Page_Het Gilde - RisQIT/h1_Het Gilde' are matched.

2023-12-18 12:36:35 - [MESSAGE][PASSED] - Actual text and expected text of test object 'Object Repository/Page_Het Gilde - RisQIT/h1_Het Gilde' are matched.

2023-12-18 12:36:35 - [TEST_STEP][PASSED] - navigateToUrl(URL + SOFTWARETESTING): Navigate to 'https://nlrisqitww-chaca.savviihq.com/software-testing/' successfully

2023-12-18 12:36:35 - [MESSAGE][PASSED] - Navigate to 'https://nlrisqitww-chaca.savviihq.com/software-testing/' successfully

2023-12-18 12:36:35 - [TEST_STEP][PASSED] - mouseOver(findTestObject("MenuTopbar/btn_Menu_OverOns")): Object: 'Object Repository/MenuTopbar/btn_Menu_OverOns' is hovered

2023-12-18 12:36:36 - [MESSAGE][PASSED] - Object: 'Object Repository/MenuTopbar/btn_Menu_OverOns' is hovered

2023-12-18 12:36:36 - [TEST_STEP][PASSED] - click(findTestObject("MenuTopbar/btn_Menu_OverOns_SuperTester")): Object: 'Object Repository/MenuTopbar/btn_Menu_OverOns_SuperTester' is clicked on

2023-12-18 12:36:37 - [MESSAGE][PASSED] - Object: 'Object Repository/MenuTopbar/btn_Menu_OverOns_SuperTester' is clicked on

2023-12-18 12:36:37 - [TEST_STEP][PASSED] - verifyElementText(findTestObject("Object Repository/Page_SuperTester - RisQIT/h1_Whitepaper SuperTester"), "Whitepaper SuperTester"): Actual text and expected text of test object 'Object Repository/Page_SuperTester - RisQIT/h1_Whitepaper SuperTester' are matched.

2023-12-18 12:36:37 - [MESSAGE][PASSED] - Actual text and expected text of test object 'Object Repository/Page_SuperTester - RisQIT/h1_Whitepaper SuperTester' are matched.

2023-12-18 12:36:37 - [TEST_STEP][PASSED] - navigateToUrl(URL + SOFTWARETESTING): Navigate to 'https://nlrisqitww-chaca.savviihq.com/software-testing/' successfully

2023-12-18 12:36:37 - [MESSAGE][PASSED] - Navigate to 'https://nlrisqitww-chaca.savviihq.com/software-testing/' successfully

2023-12-18 12:36:37 - [TEST_STEP][PASSED] - click(findTestObject("MenuTopbar/btn_Menu_Blog")): Object: 'Object Repository/MenuTopbar/btn_Menu_Blog' is clicked on

2023-12-18 12:36:38 - [MESSAGE][PASSED] - Object: 'Object Repository/MenuTopbar/btn_Menu_Blog' is clicked on

2023-12-18 12:36:38 - [TEST_STEP][PASSED] - verifyElementText(findTestObject("Object Repository/Page_Blog - RisQIT/h1_Blog"), "Blog"): Actual text and expected text of test object 'Object Repository/Page_Blog - RisQIT/h1_Blog' are matched.

2023-12-18 12:36:39 - [MESSAGE][PASSED] - Actual text and expected text of test object 'Object Repository/Page_Blog - RisQIT/h1_Blog' are matched.

2023-12-18 12:36:39 - [TEST_STEP][PASSED] - click(findTestObject("MenuTopbar/btn_Menu_Vacatures")): Object: 'Object Repository/MenuTopbar/btn_Menu_Vacatures' is clicked on

2023-12-18 12:36:39 - [MESSAGE][PASSED] - Object: 'Object Repository/MenuTopbar/btn_Menu_Vacatures' is clicked on

2023-12-18 12:36:39 - [TEST_STEP][PASSED] - verifyElementText(findTestObject("Object Repository/Page_Vacatures - RisQIT/h1_Vacatures"), "Vacatures"): Actual text and expected text of test object 'Object Repository/Page_Vacatures - RisQIT/h1_Vacatures' are matched.

2023-12-18 12:36:40 - [MESSAGE][PASSED] - Actual text and expected text of test object 'Object Repository/Page_Vacatures - RisQIT/h1_Vacatures' are matched.

2023-12-18 12:36:40 - [TEST_STEP][PASSED] - navigateToUrl(URL + SOFTWARETESTING): Navigate to 'https://nlrisqitww-chaca.savviihq.com/software-testing/' successfully

2023-12-18 12:36:40 - [MESSAGE][PASSED] - Navigate to 'https://nlrisqitww-chaca.savviihq.com/software-testing/' successfully

2023-12-18 12:36:40 - [TEST_STEP][PASSED] - click(findTestObject("Object Repository/MenuTopbar/Page_Vacatures - RisQIT/div_Contact opnemen")): Object: 'Object Repository/MenuTopbar/Page_Vacatures - RisQIT/div_Contact opnemen' is clicked on

2023-12-18 12:36:40 - [MESSAGE][PASSED] - Object: 'Object Repository/MenuTopbar/Page_Vacatures - RisQIT/div_Contact opnemen' is clicked on

2023-12-18 12:36:40 - [TEST_STEP][PASSED] - verifyElementText(findTestObject("Object Repository/Page_Contact - RisQIT/h1_Contact"), "Contact"): Actual text and expected text of test object 'Object Repository/Page_Contact - RisQIT/h1_Contact' are matched.

2023-12-18 12:36:41 - [MESSAGE][PASSED] - Actual text and expected text of test object 'Object Repository/Page_Contact - RisQIT/h1_Contact' are matched.

2023-12-18 12:36:41 - [TEST_STEP][PASSED] - click(findTestObject("MenuTopbar/img_Logo")): Object: 'Object Repository/MenuTopbar/img_Logo' is clicked on

2023-12-18 12:36:42 - [MESSAGE][PASSED] - Object: 'Object Repository/MenuTopbar/img_Logo' is clicked on

2023-12-18 12:36:42 - [TEST_STEP][PASSED] - verifyElementText(findTestObject("Object Repository/Page_Home - RisQIT/h1_Ga voor duurzaamheid en vertrouwen, same_4bc4a8"), "Ga voor duurzaamheid en vertrouwen, samen met ons!"): Actual text and expected text of test object 'Object Repository/Page_Home - RisQIT/h1_Ga voor duurzaamheid en vertrouwen, same_4bc4a8' are matched.

2023-12-18 12:36:42 - [MESSAGE][PASSED] - Actual text and expected text of test object 'Object Repository/Page_Home - RisQIT/h1_Ga voor duurzaamheid en vertrouwen, same_4bc4a8' are matched.

2023-12-18 12:36:42 - [TEST_STEP][PASSED] - closeBrowser(): Browser is closed

2023-12-18 12:36:42 - [MESSAGE][PASSED] - Browser is closed]]></system-out>
         <system-err><![CDATA[]]></system-err>
      </testcase>
      <testcase name="Test Cases/Menu/RT003 MenuClicks - SHT" time="20.215" classname="Test Cases/Menu/RT003 MenuClicks - SHT" status="PASSED">
         <system-out><![CDATA[2023-12-18 12:36:42 - [TEST_CASE][PASSED] - Test Cases/Menu/RT003 MenuClicks - SHT: Test Cases/Menu/RT003 MenuClicks - SHT

2023-12-18 12:36:42 - [TEST_STEP][PASSED] - openBrowser(""): Browser is opened with url: ''

2023-12-18 12:36:42 - [MESSAGE][INFO] - Starting 'Chrome' driver

2023-12-18 12:36:42 - [MESSAGE][INFO] - Action delay is set to 0 milliseconds

2023-12-18 12:36:43 - [MESSAGE][PASSED] - Browser is opened with url: ''

2023-12-18 12:36:43 - [TEST_STEP][PASSED] - maximizeWindow(): Current window maximized

2023-12-18 12:36:43 - [MESSAGE][PASSED] - Current window maximized

2023-12-18 12:36:43 - [TEST_STEP][PASSED] - navigateToUrl(URL + SHT): Navigate to 'https://nlrisqitww-chaca.savviihq.com/security-en-hackerstest-sht/' successfully

2023-12-18 12:36:44 - [MESSAGE][PASSED] - Navigate to 'https://nlrisqitww-chaca.savviihq.com/security-en-hackerstest-sht/' successfully

2023-12-18 12:36:44 - [TEST_STEP][PASSED] - mouseOver(findTestObject("MenuTopbar/btn_Menu_Diensten")): Object: 'Object Repository/MenuTopbar/btn_Menu_Diensten' is hovered

2023-12-18 12:36:45 - [MESSAGE][PASSED] - Object: 'Object Repository/MenuTopbar/btn_Menu_Diensten' is hovered

2023-12-18 12:36:45 - [TEST_STEP][PASSED] - click(findTestObject("MenuTopbar/btn_Menu_Diensten_SoftwareTesting")): Object: 'Object Repository/MenuTopbar/btn_Menu_Diensten_SoftwareTesting' is clicked on

2023-12-18 12:36:45 - [MESSAGE][PASSED] - Object: 'Object Repository/MenuTopbar/btn_Menu_Diensten_SoftwareTesting' is clicked on

2023-12-18 12:36:45 - [TEST_STEP][PASSED] - verifyElementText(findTestObject("Object Repository/Page_Software Testing - RisQIT/h1_Software Testing"), "Software Testing"): Actual text and expected text of test object 'Object Repository/Page_Software Testing - RisQIT/h1_Software Testing' are matched.

2023-12-18 12:36:46 - [MESSAGE][PASSED] - Actual text and expected text of test object 'Object Repository/Page_Software Testing - RisQIT/h1_Software Testing' are matched.

2023-12-18 12:36:46 - [TEST_STEP][PASSED] - navigateToUrl(URL + SHT): Navigate to 'https://nlrisqitww-chaca.savviihq.com/security-en-hackerstest-sht/' successfully

2023-12-18 12:36:46 - [MESSAGE][PASSED] - Navigate to 'https://nlrisqitww-chaca.savviihq.com/security-en-hackerstest-sht/' successfully

2023-12-18 12:36:46 - [TEST_STEP][PASSED] - mouseOver(findTestObject("MenuTopbar/btn_Menu_Diensten")): Object: 'Object Repository/MenuTopbar/btn_Menu_Diensten' is hovered

2023-12-18 12:36:47 - [MESSAGE][PASSED] - Object: 'Object Repository/MenuTopbar/btn_Menu_Diensten' is hovered

2023-12-18 12:36:47 - [TEST_STEP][PASSED] - click(findTestObject("MenuTopbar/btn_Menu_Diensten_SHT")): Object: 'Object Repository/MenuTopbar/btn_Menu_Diensten_SHT' is clicked on

2023-12-18 12:36:47 - [MESSAGE][PASSED] - Object: 'Object Repository/MenuTopbar/btn_Menu_Diensten_SHT' is clicked on

2023-12-18 12:36:47 - [TEST_STEP][PASSED] - verifyElementText(findTestObject("Page_Security en HackersTest (SHT) - RisQIT/h1_Security en HackersTest (SHT)"), "Security En HackersTest (SHT)"): Actual text and expected text of test object 'Object Repository/Page_Security en HackersTest (SHT) - RisQIT/h1_Security en HackersTest (SHT)' are matched.

2023-12-18 12:36:48 - [MESSAGE][PASSED] - Actual text and expected text of test object 'Object Repository/Page_Security en HackersTest (SHT) - RisQIT/h1_Security en HackersTest (SHT)' are matched.

2023-12-18 12:36:48 - [TEST_STEP][PASSED] - navigateToUrl(URL + SHT): Navigate to 'https://nlrisqitww-chaca.savviihq.com/security-en-hackerstest-sht/' successfully

2023-12-18 12:36:48 - [MESSAGE][PASSED] - Navigate to 'https://nlrisqitww-chaca.savviihq.com/security-en-hackerstest-sht/' successfully

2023-12-18 12:36:48 - [TEST_STEP][PASSED] - mouseOver(findTestObject("MenuTopbar/btn_Menu_Diensten")): Object: 'Object Repository/MenuTopbar/btn_Menu_Diensten' is hovered

2023-12-18 12:36:49 - [MESSAGE][PASSED] - Object: 'Object Repository/MenuTopbar/btn_Menu_Diensten' is hovered

2023-12-18 12:36:49 - [TEST_STEP][PASSED] - click(findTestObject("MenuTopbar/btn_Menu_Diensten_UXLab")): Object: 'Object Repository/MenuTopbar/btn_Menu_Diensten_UXLab' is clicked on

2023-12-18 12:36:49 - [MESSAGE][PASSED] - Object: 'Object Repository/MenuTopbar/btn_Menu_Diensten_UXLab' is clicked on

2023-12-18 12:36:49 - [TEST_STEP][PASSED] - verifyElementText(findTestObject("Object Repository/Page_UX Lab - RisQIT/h1_UX Lab"), "UX Lab"): Actual text and expected text of test object 'Object Repository/Page_UX Lab - RisQIT/h1_UX Lab' are matched.

2023-12-18 12:36:50 - [MESSAGE][PASSED] - Actual text and expected text of test object 'Object Repository/Page_UX Lab - RisQIT/h1_UX Lab' are matched.

2023-12-18 12:36:50 - [TEST_STEP][PASSED] - navigateToUrl(URL + SHT): Navigate to 'https://nlrisqitww-chaca.savviihq.com/security-en-hackerstest-sht/' successfully

2023-12-18 12:36:50 - [MESSAGE][PASSED] - Navigate to 'https://nlrisqitww-chaca.savviihq.com/security-en-hackerstest-sht/' successfully

2023-12-18 12:36:50 - [TEST_STEP][PASSED] - click(findTestObject("MenuTopbar/btn_Menu_OverOns")): Object: 'Object Repository/MenuTopbar/btn_Menu_OverOns' is clicked on

2023-12-18 12:36:51 - [MESSAGE][PASSED] - Object: 'Object Repository/MenuTopbar/btn_Menu_OverOns' is clicked on

2023-12-18 12:36:51 - [TEST_STEP][PASSED] - verifyElementText(findTestObject("Object Repository/Page_Over ons - RisQIT/h1_Over ons"), "Over Ons"): Actual text and expected text of test object 'Object Repository/Page_Over ons - RisQIT/h1_Over ons' are matched.

2023-12-18 12:36:51 - [MESSAGE][PASSED] - Actual text and expected text of test object 'Object Repository/Page_Over ons - RisQIT/h1_Over ons' are matched.

2023-12-18 12:36:51 - [TEST_STEP][PASSED] - navigateToUrl(URL + SHT): Navigate to 'https://nlrisqitww-chaca.savviihq.com/security-en-hackerstest-sht/' successfully

2023-12-18 12:36:51 - [MESSAGE][PASSED] - Navigate to 'https://nlrisqitww-chaca.savviihq.com/security-en-hackerstest-sht/' successfully

2023-12-18 12:36:51 - [TEST_STEP][PASSED] - mouseOver(findTestObject("MenuTopbar/btn_Menu_OverOns")): Object: 'Object Repository/MenuTopbar/btn_Menu_OverOns' is hovered

2023-12-18 12:36:52 - [MESSAGE][PASSED] - Object: 'Object Repository/MenuTopbar/btn_Menu_OverOns' is hovered

2023-12-18 12:36:52 - [TEST_STEP][PASSED] - click(findTestObject("MenuTopbar/btn_Menu_OverOns_MissieVisie")): Object: 'Object Repository/MenuTopbar/btn_Menu_OverOns_MissieVisie' is clicked on

2023-12-18 12:36:53 - [MESSAGE][PASSED] - Object: 'Object Repository/MenuTopbar/btn_Menu_OverOns_MissieVisie' is clicked on

2023-12-18 12:36:53 - [TEST_STEP][PASSED] - verifyElementText(findTestObject("Object Repository/Page_Missie  Visie - RisQIT/h1_Missie  Visie"), "Missie & Visie"): Actual text and expected text of test object 'Object Repository/Page_Missie  Visie - RisQIT/h1_Missie  Visie' are matched.

2023-12-18 12:36:53 - [MESSAGE][PASSED] - Actual text and expected text of test object 'Object Repository/Page_Missie  Visie - RisQIT/h1_Missie  Visie' are matched.

2023-12-18 12:36:53 - [TEST_STEP][PASSED] - navigateToUrl(URL + SHT): Navigate to 'https://nlrisqitww-chaca.savviihq.com/security-en-hackerstest-sht/' successfully

2023-12-18 12:36:53 - [MESSAGE][PASSED] - Navigate to 'https://nlrisqitww-chaca.savviihq.com/security-en-hackerstest-sht/' successfully

2023-12-18 12:36:53 - [TEST_STEP][PASSED] - mouseOver(findTestObject("MenuTopbar/btn_Menu_OverOns")): Object: 'Object Repository/MenuTopbar/btn_Menu_OverOns' is hovered

2023-12-18 12:36:54 - [MESSAGE][PASSED] - Object: 'Object Repository/MenuTopbar/btn_Menu_OverOns' is hovered

2023-12-18 12:36:54 - [TEST_STEP][PASSED] - click(findTestObject("MenuTopbar/btn_Menu_OverOns_HetGilde")): Object: 'Object Repository/MenuTopbar/btn_Menu_OverOns_HetGilde' is clicked on

2023-12-18 12:36:55 - [MESSAGE][PASSED] - Object: 'Object Repository/MenuTopbar/btn_Menu_OverOns_HetGilde' is clicked on

2023-12-18 12:36:55 - [TEST_STEP][PASSED] - verifyElementText(findTestObject("Object Repository/Page_Het Gilde - RisQIT/h1_Het Gilde"), "Het Gilde"): Actual text and expected text of test object 'Object Repository/Page_Het Gilde - RisQIT/h1_Het Gilde' are matched.

2023-12-18 12:36:55 - [MESSAGE][PASSED] - Actual text and expected text of test object 'Object Repository/Page_Het Gilde - RisQIT/h1_Het Gilde' are matched.

2023-12-18 12:36:55 - [TEST_STEP][PASSED] - navigateToUrl(URL + SHT): Navigate to 'https://nlrisqitww-chaca.savviihq.com/security-en-hackerstest-sht/' successfully

2023-12-18 12:36:56 - [MESSAGE][PASSED] - Navigate to 'https://nlrisqitww-chaca.savviihq.com/security-en-hackerstest-sht/' successfully

2023-12-18 12:36:56 - [TEST_STEP][PASSED] - mouseOver(findTestObject("MenuTopbar/btn_Menu_OverOns")): Object: 'Object Repository/MenuTopbar/btn_Menu_OverOns' is hovered

2023-12-18 12:36:56 - [MESSAGE][PASSED] - Object: 'Object Repository/MenuTopbar/btn_Menu_OverOns' is hovered

2023-12-18 12:36:56 - [TEST_STEP][PASSED] - click(findTestObject("MenuTopbar/btn_Menu_OverOns_SuperTester")): Object: 'Object Repository/MenuTopbar/btn_Menu_OverOns_SuperTester' is clicked on

2023-12-18 12:36:57 - [MESSAGE][PASSED] - Object: 'Object Repository/MenuTopbar/btn_Menu_OverOns_SuperTester' is clicked on

2023-12-18 12:36:57 - [TEST_STEP][PASSED] - verifyElementText(findTestObject("Object Repository/Page_SuperTester - RisQIT/h1_Whitepaper SuperTester"), "Whitepaper SuperTester"): Actual text and expected text of test object 'Object Repository/Page_SuperTester - RisQIT/h1_Whitepaper SuperTester' are matched.

2023-12-18 12:36:58 - [MESSAGE][PASSED] - Actual text and expected text of test object 'Object Repository/Page_SuperTester - RisQIT/h1_Whitepaper SuperTester' are matched.

2023-12-18 12:36:58 - [TEST_STEP][PASSED] - navigateToUrl(URL + SHT): Navigate to 'https://nlrisqitww-chaca.savviihq.com/security-en-hackerstest-sht/' successfully

2023-12-18 12:36:58 - [MESSAGE][PASSED] - Navigate to 'https://nlrisqitww-chaca.savviihq.com/security-en-hackerstest-sht/' successfully

2023-12-18 12:36:58 - [TEST_STEP][PASSED] - click(findTestObject("MenuTopbar/btn_Menu_Blog")): Object: 'Object Repository/MenuTopbar/btn_Menu_Blog' is clicked on

2023-12-18 12:36:58 - [MESSAGE][PASSED] - Object: 'Object Repository/MenuTopbar/btn_Menu_Blog' is clicked on

2023-12-18 12:36:58 - [TEST_STEP][PASSED] - verifyElementText(findTestObject("Object Repository/Page_Blog - RisQIT/h1_Blog"), "Blog"): Actual text and expected text of test object 'Object Repository/Page_Blog - RisQIT/h1_Blog' are matched.

2023-12-18 12:36:59 - [MESSAGE][PASSED] - Actual text and expected text of test object 'Object Repository/Page_Blog - RisQIT/h1_Blog' are matched.

2023-12-18 12:36:59 - [TEST_STEP][PASSED] - click(findTestObject("MenuTopbar/btn_Menu_Vacatures")): Object: 'Object Repository/MenuTopbar/btn_Menu_Vacatures' is clicked on

2023-12-18 12:36:59 - [MESSAGE][PASSED] - Object: 'Object Repository/MenuTopbar/btn_Menu_Vacatures' is clicked on

2023-12-18 12:36:59 - [TEST_STEP][PASSED] - verifyElementText(findTestObject("Object Repository/Page_Vacatures - RisQIT/h1_Vacatures"), "Vacatures"): Actual text and expected text of test object 'Object Repository/Page_Vacatures - RisQIT/h1_Vacatures' are matched.

2023-12-18 12:37:00 - [MESSAGE][PASSED] - Actual text and expected text of test object 'Object Repository/Page_Vacatures - RisQIT/h1_Vacatures' are matched.

2023-12-18 12:37:00 - [TEST_STEP][PASSED] - navigateToUrl(URL + SHT): Navigate to 'https://nlrisqitww-chaca.savviihq.com/security-en-hackerstest-sht/' successfully

2023-12-18 12:37:00 - [MESSAGE][PASSED] - Navigate to 'https://nlrisqitww-chaca.savviihq.com/security-en-hackerstest-sht/' successfully

2023-12-18 12:37:00 - [TEST_STEP][PASSED] - click(findTestObject("Object Repository/MenuTopbar/Page_Vacatures - RisQIT/div_Contact opnemen")): Object: 'Object Repository/MenuTopbar/Page_Vacatures - RisQIT/div_Contact opnemen' is clicked on

2023-12-18 12:37:01 - [MESSAGE][PASSED] - Object: 'Object Repository/MenuTopbar/Page_Vacatures - RisQIT/div_Contact opnemen' is clicked on

2023-12-18 12:37:01 - [TEST_STEP][PASSED] - verifyElementText(findTestObject("Object Repository/Page_Contact - RisQIT/h1_Contact"), "Contact"): Actual text and expected text of test object 'Object Repository/Page_Contact - RisQIT/h1_Contact' are matched.

2023-12-18 12:37:01 - [MESSAGE][PASSED] - Actual text and expected text of test object 'Object Repository/Page_Contact - RisQIT/h1_Contact' are matched.

2023-12-18 12:37:01 - [TEST_STEP][PASSED] - click(findTestObject("MenuTopbar/img_Logo")): Object: 'Object Repository/MenuTopbar/img_Logo' is clicked on

2023-12-18 12:37:02 - [MESSAGE][PASSED] - Object: 'Object Repository/MenuTopbar/img_Logo' is clicked on

2023-12-18 12:37:02 - [TEST_STEP][PASSED] - verifyElementText(findTestObject("Object Repository/Page_Home - RisQIT/h1_Ga voor duurzaamheid en vertrouwen, same_4bc4a8"), "Ga voor duurzaamheid en vertrouwen, samen met ons!"): Actual text and expected text of test object 'Object Repository/Page_Home - RisQIT/h1_Ga voor duurzaamheid en vertrouwen, same_4bc4a8' are matched.

2023-12-18 12:37:02 - [MESSAGE][PASSED] - Actual text and expected text of test object 'Object Repository/Page_Home - RisQIT/h1_Ga voor duurzaamheid en vertrouwen, same_4bc4a8' are matched.

2023-12-18 12:37:02 - [TEST_STEP][PASSED] - closeBrowser(): Browser is closed

2023-12-18 12:37:03 - [MESSAGE][PASSED] - Browser is closed]]></system-out>
         <system-err><![CDATA[]]></system-err>
      </testcase>
      <testcase name="Test Cases/Menu/RT004 MenuClicks - UX-Lab" time="2.782" classname="Test Cases/Menu/RT004 MenuClicks - UX-Lab" status="FAILED">
         <failure type="FAILED" message="Test Cases/Menu/RT004 MenuClicks - UX-Lab FAILED.&#xa;Reason:&#xa;com.kms.katalon.core.exception.StepFailedException: Unable to click on object 'Object Repository/MenuTopbar/btn_Menu_Diensten_SoftwareTesting'&#xa;	at com.kms.katalon.core.webui.keyword.internal.WebUIKeywordMain.stepFailed(WebUIKeywordMain.groovy:64)&#xa;	at com.kms.katalon.core.webui.keyword.internal.WebUIKeywordMain.runKeyword(WebUIKeywordMain.groovy:26)&#xa;	at com.kms.katalon.core.webui.keyword.builtin.ClickKeyword.click(ClickKeyword.groovy:74)&#xa;	at com.kms.katalon.core.webui.keyword.builtin.ClickKeyword.execute(ClickKeyword.groovy:40)&#xa;	at com.kms.katalon.core.keyword.internal.KeywordExecutor.executeKeywordForPlatform(KeywordExecutor.groovy:74)&#xa;	at com.kms.katalon.core.webui.keyword.WebUiBuiltInKeywords.click(WebUiBuiltInKeywords.groovy:620)&#xa;	at RT004 MenuClicks - UX-Lab.run(RT004 MenuClicks - UX-Lab:28)&#xa;	at com.kms.katalon.core.main.ScriptEngine.run(ScriptEngine.java:194)&#xa;	at com.kms.katalon.core.main.ScriptEngine.runScriptAsRawText(ScriptEngine.java:119)&#xa;	at com.kms.katalon.core.main.TestCaseExecutor.runScript(TestCaseExecutor.java:448)&#xa;	at com.kms.katalon.core.main.TestCaseExecutor.doExecute(TestCaseExecutor.java:439)&#xa;	at com.kms.katalon.core.main.TestCaseExecutor.processExecutionPhase(TestCaseExecutor.java:418)&#xa;	at com.kms.katalon.core.main.TestCaseExecutor.accessMainPhase(TestCaseExecutor.java:410)&#xa;	at com.kms.katalon.core.main.TestCaseExecutor.execute(TestCaseExecutor.java:285)&#xa;	at com.kms.katalon.core.common.CommonExecutor.accessTestCaseMainPhase(CommonExecutor.java:65)&#xa;	at com.kms.katalon.core.main.TestSuiteExecutor.accessTestSuiteMainPhase(TestSuiteExecutor.java:148)&#xa;	at com.kms.katalon.core.main.TestSuiteExecutor.execute(TestSuiteExecutor.java:106)&#xa;	at com.kms.katalon.core.main.TestCaseMain.startTestSuite(TestCaseMain.java:187)&#xa;	at TempTestSuite1702899354599.run(TempTestSuite1702899354599.groovy:36)&#xa;	at java.base/jdk.internal.reflect.NativeMethodAccessorImpl.invoke0(Native Method)&#xa;	at java.base/jdk.internal.reflect.NativeMethodAccessorImpl.invoke(NativeMethodAccessorImpl.java:77)&#xa;	at java.base/jdk.internal.reflect.DelegatingMethodAccessorImpl.invoke(DelegatingMethodAccessorImpl.java:43)&#xa;Caused by: org.openqa.selenium.ElementNotInteractableException: element not interactable&#xa;  (Session info: chrome=120.0.6099.72)&#xa;Build info: version: '3.141.59', revision: 'e82be7d358', time: '2018-11-14T08:25:53'&#xa;System info: host: 'BERGTOP', ip: '192.168.1.100', os.name: 'Windows 11', os.arch: 'amd64', os.version: '10.0', java.version: '17.0.7'&#xa;Driver info: com.kms.katalon.selenium.driver.CChromeDriver&#xa;Capabilities {acceptInsecureCerts: false, browserName: chrome, browserVersion: 120.0.6099.72, chrome: {chromedriverVersion: 119.0.6045.105 (38c72552c5e..., userDataDir: C:\Users\maart\AppData\Loca...}, fedcm:accounts: true, goog:chromeOptions: {debuggerAddress: localhost:53385}, javascriptEnabled: true, networkConnectionEnabled: false, pageLoadStrategy: normal, platform: WINDOWS, platformName: WINDOWS, proxy: Proxy(), setWindowRect: true, strictFileInteractability: false, timeouts: {implicit: 0, pageLoad: 300000, script: 30000}, unhandledPromptBehavior: dismiss and notify, webauthn:extension:credBlob: true, webauthn:extension:largeBlob: true, webauthn:extension:minPinLength: true, webauthn:extension:prf: true, webauthn:virtualAuthenticators: true}&#xa;Session ID: f7a6047c7f0aad5c21d350eac8d2cb88&#xa;	at java.base/jdk.internal.reflect.NativeConstructorAccessorImpl.newInstance0(Native Method)&#xa;	at java.base/jdk.internal.reflect.NativeConstructorAccessorImpl.newInstance(NativeConstructorAccessorImpl.java:77)&#xa;	at java.base/jdk.internal.reflect.DelegatingConstructorAccessorImpl.newInstance(DelegatingConstructorAccessorImpl.java:45)&#xa;	at org.openqa.selenium.remote.http.W3CHttpResponseCodec.createException(W3CHttpResponseCodec.java:187)&#xa;	at org.openqa.selenium.remote.http.W3CHttpResponseCodec.decode(W3CHttpResponseCodec.java:122)&#xa;	at org.openqa.selenium.remote.http.W3CHttpResponseCodec.decode(W3CHttpResponseCodec.java:49)&#xa;	at org.openqa.selenium.remote.HttpCommandExecutor.execute(HttpCommandExecutor.java:158)&#xa;	at org.openqa.selenium.remote.service.DriverCommandExecutor.execute(DriverCommandExecutor.java:83)&#xa;	at org.openqa.selenium.remote.RemoteWebDriver.execute(RemoteWebDriver.java:552)&#xa;	at com.kms.katalon.selenium.driver.CChromeDriver.execute(CChromeDriver.java:19)&#xa;	at org.openqa.selenium.remote.RemoteWebElement.execute(RemoteWebElement.java:285)&#xa;	at org.openqa.selenium.remote.RemoteWebElement.click(RemoteWebElement.java:84)&#xa;	at jdk.internal.reflect.GeneratedMethodAccessor13.invoke(Unknown Source)&#xa;	at java.base/jdk.internal.reflect.DelegatingMethodAccessorImpl.invoke(DelegatingMethodAccessorImpl.java:43)&#xa;	at org.openqa.selenium.support.events.EventFiringWebDriver$EventFiringWebElement.lambda$new$0(EventFiringWebDriver.java:404)&#xa;	at jdk.proxy2/jdk.proxy2.$Proxy24.click(Unknown Source)&#xa;	at org.openqa.selenium.support.events.EventFiringWebDriver$EventFiringWebElement.click(EventFiringWebDriver.java:417)&#xa;	at org.openqa.selenium.WebElement$click.call(Unknown Source)&#xa;	at com.kms.katalon.core.webui.keyword.builtin.ClickKeyword.clickUntilSuccessWithTimeout(ClickKeyword.groovy:81)&#xa;	at com.kms.katalon.core.webui.keyword.builtin.ClickKeyword.clickUntilSuccessWithTimeout(ClickKeyword.groovy)&#xa;	at jdk.internal.reflect.GeneratedMethodAccessor11.invoke(Unknown Source)&#xa;	at java.base/jdk.internal.reflect.DelegatingMethodAccessorImpl.invoke(DelegatingMethodAccessorImpl.java:43)&#xa;	at com.kms.katalon.core.webui.keyword.builtin.ClickKeyword$_click_closure1.doCall(ClickKeyword.groovy:67)&#xa;	at com.kms.katalon.core.webui.keyword.builtin.ClickKeyword$_click_closure1.call(ClickKeyword.groovy)&#xa;	at com.kms.katalon.core.webui.keyword.internal.WebUIKeywordMain.runKeyword(WebUIKeywordMain.groovy:20)&#xa;	... 20 more&#xa;"/>
         <system-out><![CDATA[2023-12-18 12:37:03 - [TEST_CASE][FAILED] - Test Cases/Menu/RT004 MenuClicks - UX-Lab: Test Cases/Menu/RT004 MenuClicks - UX-Lab FAILED.
Reason:
com.kms.katalon.core.exception.StepFailedException: Unable to click on object 'Object Repository/MenuTopbar/btn_Menu_Diensten_SoftwareTesting'
	at com.kms.katalon.core.webui.keyword.internal.WebUIKeywordMain.stepFailed(WebUIKeywordMain.groovy:64)
	at com.kms.katalon.core.webui.keyword.internal.WebUIKeywordMain.runKeyword(WebUIKeywordMain.groovy:26)
	at com.kms.katalon.core.webui.keyword.builtin.ClickKeyword.click(ClickKeyword.groovy:74)
	at com.kms.katalon.core.webui.keyword.builtin.ClickKeyword.execute(ClickKeyword.groovy:40)
	at com.kms.katalon.core.keyword.internal.KeywordExecutor.executeKeywordForPlatform(KeywordExecutor.groovy:74)
	at com.kms.katalon.core.webui.keyword.WebUiBuiltInKeywords.click(WebUiBuiltInKeywords.groovy:620)
	at RT004 MenuClicks - UX-Lab.run(RT004 MenuClicks - UX-Lab:28)
	at com.kms.katalon.core.main.ScriptEngine.run(ScriptEngine.java:194)
	at com.kms.katalon.core.main.ScriptEngine.runScriptAsRawText(ScriptEngine.java:119)
	at com.kms.katalon.core.main.TestCaseExecutor.runScript(TestCaseExecutor.java:448)
	at com.kms.katalon.core.main.TestCaseExecutor.doExecute(TestCaseExecutor.java:439)
	at com.kms.katalon.core.main.TestCaseExecutor.processExecutionPhase(TestCaseExecutor.java:418)
	at com.kms.katalon.core.main.TestCaseExecutor.accessMainPhase(TestCaseExecutor.java:410)
	at com.kms.katalon.core.main.TestCaseExecutor.execute(TestCaseExecutor.java:285)
	at com.kms.katalon.core.common.CommonExecutor.accessTestCaseMainPhase(CommonExecutor.java:65)
	at com.kms.katalon.core.main.TestSuiteExecutor.accessTestSuiteMainPhase(TestSuiteExecutor.java:148)
	at com.kms.katalon.core.main.TestSuiteExecutor.execute(TestSuiteExecutor.java:106)
	at com.kms.katalon.core.main.TestCaseMain.startTestSuite(TestCaseMain.java:187)
	at TempTestSuite1702899354599.run(TempTestSuite1702899354599.groovy:36)
	at java.base/jdk.internal.reflect.NativeMethodAccessorImpl.invoke0(Native Method)
	at java.base/jdk.internal.reflect.NativeMethodAccessorImpl.invoke(NativeMethodAccessorImpl.java:77)
	at java.base/jdk.internal.reflect.DelegatingMethodAccessorImpl.invoke(DelegatingMethodAccessorImpl.java:43)
Caused by: org.openqa.selenium.ElementNotInteractableException: element not interactable
  (Session info: chrome=120.0.6099.72)
Build info: version: '3.141.59', revision: 'e82be7d358', time: '2018-11-14T08:25:53'
System info: host: 'BERGTOP', ip: '192.168.1.100', os.name: 'Windows 11', os.arch: 'amd64', os.version: '10.0', java.version: '17.0.7'
Driver info: com.kms.katalon.selenium.driver.CChromeDriver
Capabilities {acceptInsecureCerts: false, browserName: chrome, browserVersion: 120.0.6099.72, chrome: {chromedriverVersion: 119.0.6045.105 (38c72552c5e..., userDataDir: C:\Users\maart\AppData\Loca...}, fedcm:accounts: true, goog:chromeOptions: {debuggerAddress: localhost:53385}, javascriptEnabled: true, networkConnectionEnabled: false, pageLoadStrategy: normal, platform: WINDOWS, platformName: WINDOWS, proxy: Proxy(), setWindowRect: true, strictFileInteractability: false, timeouts: {implicit: 0, pageLoad: 300000, script: 30000}, unhandledPromptBehavior: dismiss and notify, webauthn:extension:credBlob: true, webauthn:extension:largeBlob: true, webauthn:extension:minPinLength: true, webauthn:extension:prf: true, webauthn:virtualAuthenticators: true}
Session ID: f7a6047c7f0aad5c21d350eac8d2cb88
	at java.base/jdk.internal.reflect.NativeConstructorAccessorImpl.newInstance0(Native Method)
	at java.base/jdk.internal.reflect.NativeConstructorAccessorImpl.newInstance(NativeConstructorAccessorImpl.java:77)
	at java.base/jdk.internal.reflect.DelegatingConstructorAccessorImpl.newInstance(DelegatingConstructorAccessorImpl.java:45)
	at org.openqa.selenium.remote.http.W3CHttpResponseCodec.createException(W3CHttpResponseCodec.java:187)
	at org.openqa.selenium.remote.http.W3CHttpResponseCodec.decode(W3CHttpResponseCodec.java:122)
	at org.openqa.selenium.remote.http.W3CHttpResponseCodec.decode(W3CHttpResponseCodec.java:49)
	at org.openqa.selenium.remote.HttpCommandExecutor.execute(HttpCommandExecutor.java:158)
	at org.openqa.selenium.remote.service.DriverCommandExecutor.execute(DriverCommandExecutor.java:83)
	at org.openqa.selenium.remote.RemoteWebDriver.execute(RemoteWebDriver.java:552)
	at com.kms.katalon.selenium.driver.CChromeDriver.execute(CChromeDriver.java:19)
	at org.openqa.selenium.remote.RemoteWebElement.execute(RemoteWebElement.java:285)
	at org.openqa.selenium.remote.RemoteWebElement.click(RemoteWebElement.java:84)
	at jdk.internal.reflect.GeneratedMethodAccessor13.invoke(Unknown Source)
	at java.base/jdk.internal.reflect.DelegatingMethodAccessorImpl.invoke(DelegatingMethodAccessorImpl.java:43)
	at org.openqa.selenium.support.events.EventFiringWebDriver$EventFiringWebElement.lambda$new$0(EventFiringWebDriver.java:404)
	at jdk.proxy2/jdk.proxy2.$Proxy24.click(Unknown Source)
	at org.openqa.selenium.support.events.EventFiringWebDriver$EventFiringWebElement.click(EventFiringWebDriver.java:417)
	at org.openqa.selenium.WebElement$click.call(Unknown Source)
	at com.kms.katalon.core.webui.keyword.builtin.ClickKeyword.clickUntilSuccessWithTimeout(ClickKeyword.groovy:81)
	at com.kms.katalon.core.webui.keyword.builtin.ClickKeyword.clickUntilSuccessWithTimeout(ClickKeyword.groovy)
	at jdk.internal.reflect.GeneratedMethodAccessor11.invoke(Unknown Source)
	at java.base/jdk.internal.reflect.DelegatingMethodAccessorImpl.invoke(DelegatingMethodAccessorImpl.java:43)
	at com.kms.katalon.core.webui.keyword.builtin.ClickKeyword$_click_closure1.doCall(ClickKeyword.groovy:67)
	at com.kms.katalon.core.webui.keyword.builtin.ClickKeyword$_click_closure1.call(ClickKeyword.groovy)
	at com.kms.katalon.core.webui.keyword.internal.WebUIKeywordMain.runKeyword(WebUIKeywordMain.groovy:20)
	... 20 more


2023-12-18 12:37:03 - [TEST_STEP][PASSED] - openBrowser(""): Browser is opened with url: ''

2023-12-18 12:37:03 - [MESSAGE][INFO] - Starting 'Chrome' driver

2023-12-18 12:37:03 - [MESSAGE][INFO] - Action delay is set to 0 milliseconds

2023-12-18 12:37:03 - [MESSAGE][PASSED] - Browser is opened with url: ''

2023-12-18 12:37:03 - [TEST_STEP][PASSED] - maximizeWindow(): Current window maximized

2023-12-18 12:37:03 - [MESSAGE][PASSED] - Current window maximized

2023-12-18 12:37:03 - [TEST_STEP][PASSED] - navigateToUrl(URL + UXLAB): Navigate to 'https://nlrisqitww-chaca.savviihq.com/ux-lab/' successfully

2023-12-18 12:37:04 - [MESSAGE][PASSED] - Navigate to 'https://nlrisqitww-chaca.savviihq.com/ux-lab/' successfully

2023-12-18 12:37:04 - [TEST_STEP][PASSED] - mouseOver(findTestObject("MenuTopbar/btn_Menu_Diensten")): Object: 'Object Repository/MenuTopbar/btn_Menu_Diensten' is hovered

2023-12-18 12:37:05 - [MESSAGE][PASSED] - Object: 'Object Repository/MenuTopbar/btn_Menu_Diensten' is hovered

2023-12-18 12:37:05 - [TEST_STEP][FAILED] - click(findTestObject("MenuTopbar/btn_Menu_Diensten_SoftwareTesting")): Unable to click on object 'Object Repository/MenuTopbar/btn_Menu_Diensten_SoftwareTesting' (Root cause: com.kms.katalon.core.exception.StepFailedException: Unable to click on object 'Object Repository/MenuTopbar/btn_Menu_Diensten_SoftwareTesting'
	at com.kms.katalon.core.webui.keyword.internal.WebUIKeywordMain.stepFailed(WebUIKeywordMain.groovy:64)
	at com.kms.katalon.core.webui.keyword.internal.WebUIKeywordMain.runKeyword(WebUIKeywordMain.groovy:26)
	at com.kms.katalon.core.webui.keyword.builtin.ClickKeyword.click(ClickKeyword.groovy:74)
	at com.kms.katalon.core.webui.keyword.builtin.ClickKeyword.execute(ClickKeyword.groovy:40)
	at com.kms.katalon.core.keyword.internal.KeywordExecutor.executeKeywordForPlatform(KeywordExecutor.groovy:74)
	at com.kms.katalon.core.webui.keyword.WebUiBuiltInKeywords.click(WebUiBuiltInKeywords.groovy:620)
	at RT004 MenuClicks - UX-Lab.run(RT004 MenuClicks - UX-Lab:28)
	at com.kms.katalon.core.main.ScriptEngine.run(ScriptEngine.java:194)
	at com.kms.katalon.core.main.ScriptEngine.runScriptAsRawText(ScriptEngine.java:119)
	at com.kms.katalon.core.main.TestCaseExecutor.runScript(TestCaseExecutor.java:448)
	at com.kms.katalon.core.main.TestCaseExecutor.doExecute(TestCaseExecutor.java:439)
	at com.kms.katalon.core.main.TestCaseExecutor.processExecutionPhase(TestCaseExecutor.java:418)
	at com.kms.katalon.core.main.TestCaseExecutor.accessMainPhase(TestCaseExecutor.java:410)
	at com.kms.katalon.core.main.TestCaseExecutor.execute(TestCaseExecutor.java:285)
	at com.kms.katalon.core.common.CommonExecutor.accessTestCaseMainPhase(CommonExecutor.java:65)
	at com.kms.katalon.core.main.TestSuiteExecutor.accessTestSuiteMainPhase(TestSuiteExecutor.java:148)
	at com.kms.katalon.core.main.TestSuiteExecutor.execute(TestSuiteExecutor.java:106)
	at com.kms.katalon.core.main.TestCaseMain.startTestSuite(TestCaseMain.java:187)
	at TempTestSuite1702899354599.run(TempTestSuite1702899354599.groovy:36)
	at java.base/jdk.internal.reflect.NativeMethodAccessorImpl.invoke0(Native Method)
	at java.base/jdk.internal.reflect.NativeMethodAccessorImpl.invoke(NativeMethodAccessorImpl.java:77)
	at java.base/jdk.internal.reflect.DelegatingMethodAccessorImpl.invoke(DelegatingMethodAccessorImpl.java:43)
Caused by: org.openqa.selenium.ElementNotInteractableException: element not interactable
  (Session info: chrome=120.0.6099.72)
Build info: version: '3.141.59', revision: 'e82be7d358', time: '2018-11-14T08:25:53'
System info: host: 'BERGTOP', ip: '192.168.1.100', os.name: 'Windows 11', os.arch: 'amd64', os.version: '10.0', java.version: '17.0.7'
Driver info: com.kms.katalon.selenium.driver.CChromeDriver
Capabilities {acceptInsecureCerts: false, browserName: chrome, browserVersion: 120.0.6099.72, chrome: {chromedriverVersion: 119.0.6045.105 (38c72552c5e..., userDataDir: C:\Users\maart\AppData\Loca...}, fedcm:accounts: true, goog:chromeOptions: {debuggerAddress: localhost:53385}, javascriptEnabled: true, networkConnectionEnabled: false, pageLoadStrategy: normal, platform: WINDOWS, platformName: WINDOWS, proxy: Proxy(), setWindowRect: true, strictFileInteractability: false, timeouts: {implicit: 0, pageLoad: 300000, script: 30000}, unhandledPromptBehavior: dismiss and notify, webauthn:extension:credBlob: true, webauthn:extension:largeBlob: true, webauthn:extension:minPinLength: true, webauthn:extension:prf: true, webauthn:virtualAuthenticators: true}
Session ID: f7a6047c7f0aad5c21d350eac8d2cb88
	at java.base/jdk.internal.reflect.NativeConstructorAccessorImpl.newInstance0(Native Method)
	at java.base/jdk.internal.reflect.NativeConstructorAccessorImpl.newInstance(NativeConstructorAccessorImpl.java:77)
	at java.base/jdk.internal.reflect.DelegatingConstructorAccessorImpl.newInstance(DelegatingConstructorAccessorImpl.java:45)
	at org.openqa.selenium.remote.http.W3CHttpResponseCodec.createException(W3CHttpResponseCodec.java:187)
	at org.openqa.selenium.remote.http.W3CHttpResponseCodec.decode(W3CHttpResponseCodec.java:122)
	at org.openqa.selenium.remote.http.W3CHttpResponseCodec.decode(W3CHttpResponseCodec.java:49)
	at org.openqa.selenium.remote.HttpCommandExecutor.execute(HttpCommandExecutor.java:158)
	at org.openqa.selenium.remote.service.DriverCommandExecutor.execute(DriverCommandExecutor.java:83)
	at org.openqa.selenium.remote.RemoteWebDriver.execute(RemoteWebDriver.java:552)
	at com.kms.katalon.selenium.driver.CChromeDriver.execute(CChromeDriver.java:19)
	at org.openqa.selenium.remote.RemoteWebElement.execute(RemoteWebElement.java:285)
	at org.openqa.selenium.remote.RemoteWebElement.click(RemoteWebElement.java:84)
	at jdk.internal.reflect.GeneratedMethodAccessor13.invoke(Unknown Source)
	at java.base/jdk.internal.reflect.DelegatingMethodAccessorImpl.invoke(DelegatingMethodAccessorImpl.java:43)
	at org.openqa.selenium.support.events.EventFiringWebDriver$EventFiringWebElement.lambda$new$0(EventFiringWebDriver.java:404)
	at jdk.proxy2/jdk.proxy2.$Proxy24.click(Unknown Source)
	at org.openqa.selenium.support.events.EventFiringWebDriver$EventFiringWebElement.click(EventFiringWebDriver.java:417)
	at org.openqa.selenium.WebElement$click.call(Unknown Source)
	at com.kms.katalon.core.webui.keyword.builtin.ClickKeyword.clickUntilSuccessWithTimeout(ClickKeyword.groovy:81)
	at com.kms.katalon.core.webui.keyword.builtin.ClickKeyword.clickUntilSuccessWithTimeout(ClickKeyword.groovy)
	at jdk.internal.reflect.GeneratedMethodAccessor11.invoke(Unknown Source)
	at java.base/jdk.internal.reflect.DelegatingMethodAccessorImpl.invoke(DelegatingMethodAccessorImpl.java:43)
	at com.kms.katalon.core.webui.keyword.builtin.ClickKeyword$_click_closure1.doCall(ClickKeyword.groovy:67)
	at com.kms.katalon.core.webui.keyword.builtin.ClickKeyword$_click_closure1.call(ClickKeyword.groovy)
	at com.kms.katalon.core.webui.keyword.internal.WebUIKeywordMain.runKeyword(WebUIKeywordMain.groovy:20)
	at com.kms.katalon.core.webui.keyword.builtin.ClickKeyword.click(ClickKeyword.groovy:74)
	at com.kms.katalon.core.webui.keyword.builtin.ClickKeyword.execute(ClickKeyword.groovy:40)
	at com.kms.katalon.core.keyword.internal.KeywordExecutor.executeKeywordForPlatform(KeywordExecutor.groovy:74)
	at com.kms.katalon.core.webui.keyword.WebUiBuiltInKeywords.click(WebUiBuiltInKeywords.groovy:620)
	at Script1702897817866.run(Script1702897817866.groovy:28)
	... 15 more
)

2023-12-18 12:37:05 - [MESSAGE][FAILED] - Unable to click on object 'Object Repository/MenuTopbar/btn_Menu_Diensten_SoftwareTesting' (Root cause: com.kms.katalon.core.exception.StepFailedException: Unable to click on object 'Object Repository/MenuTopbar/btn_Menu_Diensten_SoftwareTesting'
	at com.kms.katalon.core.webui.keyword.internal.WebUIKeywordMain.stepFailed(WebUIKeywordMain.groovy:64)
	at com.kms.katalon.core.webui.keyword.internal.WebUIKeywordMain.runKeyword(WebUIKeywordMain.groovy:26)
	at com.kms.katalon.core.webui.keyword.builtin.ClickKeyword.click(ClickKeyword.groovy:74)
	at com.kms.katalon.core.webui.keyword.builtin.ClickKeyword.execute(ClickKeyword.groovy:40)
	at com.kms.katalon.core.keyword.internal.KeywordExecutor.executeKeywordForPlatform(KeywordExecutor.groovy:74)
	at com.kms.katalon.core.webui.keyword.WebUiBuiltInKeywords.click(WebUiBuiltInKeywords.groovy:620)
	at RT004 MenuClicks - UX-Lab.run(RT004 MenuClicks - UX-Lab:28)
	at com.kms.katalon.core.main.ScriptEngine.run(ScriptEngine.java:194)
	at com.kms.katalon.core.main.ScriptEngine.runScriptAsRawText(ScriptEngine.java:119)
	at com.kms.katalon.core.main.TestCaseExecutor.runScript(TestCaseExecutor.java:448)
	at com.kms.katalon.core.main.TestCaseExecutor.doExecute(TestCaseExecutor.java:439)
	at com.kms.katalon.core.main.TestCaseExecutor.processExecutionPhase(TestCaseExecutor.java:418)
	at com.kms.katalon.core.main.TestCaseExecutor.accessMainPhase(TestCaseExecutor.java:410)
	at com.kms.katalon.core.main.TestCaseExecutor.execute(TestCaseExecutor.java:285)
	at com.kms.katalon.core.common.CommonExecutor.accessTestCaseMainPhase(CommonExecutor.java:65)
	at com.kms.katalon.core.main.TestSuiteExecutor.accessTestSuiteMainPhase(TestSuiteExecutor.java:148)
	at com.kms.katalon.core.main.TestSuiteExecutor.execute(TestSuiteExecutor.java:106)
	at com.kms.katalon.core.main.TestCaseMain.startTestSuite(TestCaseMain.java:187)
	at TempTestSuite1702899354599.run(TempTestSuite1702899354599.groovy:36)
	at java.base/jdk.internal.reflect.NativeMethodAccessorImpl.invoke0(Native Method)
	at java.base/jdk.internal.reflect.NativeMethodAccessorImpl.invoke(NativeMethodAccessorImpl.java:77)
	at java.base/jdk.internal.reflect.DelegatingMethodAccessorImpl.invoke(DelegatingMethodAccessorImpl.java:43)
Caused by: org.openqa.selenium.ElementNotInteractableException: element not interactable
  (Session info: chrome=120.0.6099.72)
Build info: version: '3.141.59', revision: 'e82be7d358', time: '2018-11-14T08:25:53'
System info: host: 'BERGTOP', ip: '192.168.1.100', os.name: 'Windows 11', os.arch: 'amd64', os.version: '10.0', java.version: '17.0.7'
Driver info: com.kms.katalon.selenium.driver.CChromeDriver
Capabilities {acceptInsecureCerts: false, browserName: chrome, browserVersion: 120.0.6099.72, chrome: {chromedriverVersion: 119.0.6045.105 (38c72552c5e..., userDataDir: C:\Users\maart\AppData\Loca...}, fedcm:accounts: true, goog:chromeOptions: {debuggerAddress: localhost:53385}, javascriptEnabled: true, networkConnectionEnabled: false, pageLoadStrategy: normal, platform: WINDOWS, platformName: WINDOWS, proxy: Proxy(), setWindowRect: true, strictFileInteractability: false, timeouts: {implicit: 0, pageLoad: 300000, script: 30000}, unhandledPromptBehavior: dismiss and notify, webauthn:extension:credBlob: true, webauthn:extension:largeBlob: true, webauthn:extension:minPinLength: true, webauthn:extension:prf: true, webauthn:virtualAuthenticators: true}
Session ID: f7a6047c7f0aad5c21d350eac8d2cb88
	at java.base/jdk.internal.reflect.NativeConstructorAccessorImpl.newInstance0(Native Method)
	at java.base/jdk.internal.reflect.NativeConstructorAccessorImpl.newInstance(NativeConstructorAccessorImpl.java:77)
	at java.base/jdk.internal.reflect.DelegatingConstructorAccessorImpl.newInstance(DelegatingConstructorAccessorImpl.java:45)
	at org.openqa.selenium.remote.http.W3CHttpResponseCodec.createException(W3CHttpResponseCodec.java:187)
	at org.openqa.selenium.remote.http.W3CHttpResponseCodec.decode(W3CHttpResponseCodec.java:122)
	at org.openqa.selenium.remote.http.W3CHttpResponseCodec.decode(W3CHttpResponseCodec.java:49)
	at org.openqa.selenium.remote.HttpCommandExecutor.execute(HttpCommandExecutor.java:158)
	at org.openqa.selenium.remote.service.DriverCommandExecutor.execute(DriverCommandExecutor.java:83)
	at org.openqa.selenium.remote.RemoteWebDriver.execute(RemoteWebDriver.java:552)
	at com.kms.katalon.selenium.driver.CChromeDriver.execute(CChromeDriver.java:19)
	at org.openqa.selenium.remote.RemoteWebElement.execute(RemoteWebElement.java:285)
	at org.openqa.selenium.remote.RemoteWebElement.click(RemoteWebElement.java:84)
	at jdk.internal.reflect.GeneratedMethodAccessor13.invoke(Unknown Source)
	at java.base/jdk.internal.reflect.DelegatingMethodAccessorImpl.invoke(DelegatingMethodAccessorImpl.java:43)
	at org.openqa.selenium.support.events.EventFiringWebDriver$EventFiringWebElement.lambda$new$0(EventFiringWebDriver.java:404)
	at jdk.proxy2/jdk.proxy2.$Proxy24.click(Unknown Source)
	at org.openqa.selenium.support.events.EventFiringWebDriver$EventFiringWebElement.click(EventFiringWebDriver.java:417)
	at org.openqa.selenium.WebElement$click.call(Unknown Source)
	at com.kms.katalon.core.webui.keyword.builtin.ClickKeyword.clickUntilSuccessWithTimeout(ClickKeyword.groovy:81)
	at com.kms.katalon.core.webui.keyword.builtin.ClickKeyword.clickUntilSuccessWithTimeout(ClickKeyword.groovy)
	at jdk.internal.reflect.GeneratedMethodAccessor11.invoke(Unknown Source)
	at java.base/jdk.internal.reflect.DelegatingMethodAccessorImpl.invoke(DelegatingMethodAccessorImpl.java:43)
	at com.kms.katalon.core.webui.keyword.builtin.ClickKeyword$_click_closure1.doCall(ClickKeyword.groovy:67)
	at com.kms.katalon.core.webui.keyword.builtin.ClickKeyword$_click_closure1.call(ClickKeyword.groovy)
	at com.kms.katalon.core.webui.keyword.internal.WebUIKeywordMain.runKeyword(WebUIKeywordMain.groovy:20)
	at com.kms.katalon.core.webui.keyword.builtin.ClickKeyword.click(ClickKeyword.groovy:74)
	at com.kms.katalon.core.webui.keyword.builtin.ClickKeyword.execute(ClickKeyword.groovy:40)
	at com.kms.katalon.core.keyword.internal.KeywordExecutor.executeKeywordForPlatform(KeywordExecutor.groovy:74)
	at com.kms.katalon.core.webui.keyword.WebUiBuiltInKeywords.click(WebUiBuiltInKeywords.groovy:620)
	at Script1702897817866.run(Script1702897817866.groovy:28)
	... 15 more
)
[[ATTACHMENT|C:\\Users\\maart\\Katalon Studio\\RisQIT Website\\Reports\\20231218_123553\\TS01 MenuCheck\\20231218_123554\\1702899425618.png]]]]></system-out>
         <system-err><![CDATA[2023-12-18 12:37:03 - [TEST_CASE][FAILED] - Test Cases/Menu/RT004 MenuClicks - UX-Lab: Test Cases/Menu/RT004 MenuClicks - UX-Lab FAILED.
Reason:
com.kms.katalon.core.exception.StepFailedException: Unable to click on object 'Object Repository/MenuTopbar/btn_Menu_Diensten_SoftwareTesting'
	at com.kms.katalon.core.webui.keyword.internal.WebUIKeywordMain.stepFailed(WebUIKeywordMain.groovy:64)
	at com.kms.katalon.core.webui.keyword.internal.WebUIKeywordMain.runKeyword(WebUIKeywordMain.groovy:26)
	at com.kms.katalon.core.webui.keyword.builtin.ClickKeyword.click(ClickKeyword.groovy:74)
	at com.kms.katalon.core.webui.keyword.builtin.ClickKeyword.execute(ClickKeyword.groovy:40)
	at com.kms.katalon.core.keyword.internal.KeywordExecutor.executeKeywordForPlatform(KeywordExecutor.groovy:74)
	at com.kms.katalon.core.webui.keyword.WebUiBuiltInKeywords.click(WebUiBuiltInKeywords.groovy:620)
	at RT004 MenuClicks - UX-Lab.run(RT004 MenuClicks - UX-Lab:28)
	at com.kms.katalon.core.main.ScriptEngine.run(ScriptEngine.java:194)
	at com.kms.katalon.core.main.ScriptEngine.runScriptAsRawText(ScriptEngine.java:119)
	at com.kms.katalon.core.main.TestCaseExecutor.runScript(TestCaseExecutor.java:448)
	at com.kms.katalon.core.main.TestCaseExecutor.doExecute(TestCaseExecutor.java:439)
	at com.kms.katalon.core.main.TestCaseExecutor.processExecutionPhase(TestCaseExecutor.java:418)
	at com.kms.katalon.core.main.TestCaseExecutor.accessMainPhase(TestCaseExecutor.java:410)
	at com.kms.katalon.core.main.TestCaseExecutor.execute(TestCaseExecutor.java:285)
	at com.kms.katalon.core.common.CommonExecutor.accessTestCaseMainPhase(CommonExecutor.java:65)
	at com.kms.katalon.core.main.TestSuiteExecutor.accessTestSuiteMainPhase(TestSuiteExecutor.java:148)
	at com.kms.katalon.core.main.TestSuiteExecutor.execute(TestSuiteExecutor.java:106)
	at com.kms.katalon.core.main.TestCaseMain.startTestSuite(TestCaseMain.java:187)
	at TempTestSuite1702899354599.run(TempTestSuite1702899354599.groovy:36)
	at java.base/jdk.internal.reflect.NativeMethodAccessorImpl.invoke0(Native Method)
	at java.base/jdk.internal.reflect.NativeMethodAccessorImpl.invoke(NativeMethodAccessorImpl.java:77)
	at java.base/jdk.internal.reflect.DelegatingMethodAccessorImpl.invoke(DelegatingMethodAccessorImpl.java:43)
Caused by: org.openqa.selenium.ElementNotInteractableException: element not interactable
  (Session info: chrome=120.0.6099.72)
Build info: version: '3.141.59', revision: 'e82be7d358', time: '2018-11-14T08:25:53'
System info: host: 'BERGTOP', ip: '192.168.1.100', os.name: 'Windows 11', os.arch: 'amd64', os.version: '10.0', java.version: '17.0.7'
Driver info: com.kms.katalon.selenium.driver.CChromeDriver
Capabilities {acceptInsecureCerts: false, browserName: chrome, browserVersion: 120.0.6099.72, chrome: {chromedriverVersion: 119.0.6045.105 (38c72552c5e..., userDataDir: C:\Users\maart\AppData\Loca...}, fedcm:accounts: true, goog:chromeOptions: {debuggerAddress: localhost:53385}, javascriptEnabled: true, networkConnectionEnabled: false, pageLoadStrategy: normal, platform: WINDOWS, platformName: WINDOWS, proxy: Proxy(), setWindowRect: true, strictFileInteractability: false, timeouts: {implicit: 0, pageLoad: 300000, script: 30000}, unhandledPromptBehavior: dismiss and notify, webauthn:extension:credBlob: true, webauthn:extension:largeBlob: true, webauthn:extension:minPinLength: true, webauthn:extension:prf: true, webauthn:virtualAuthenticators: true}
Session ID: f7a6047c7f0aad5c21d350eac8d2cb88
	at java.base/jdk.internal.reflect.NativeConstructorAccessorImpl.newInstance0(Native Method)
	at java.base/jdk.internal.reflect.NativeConstructorAccessorImpl.newInstance(NativeConstructorAccessorImpl.java:77)
	at java.base/jdk.internal.reflect.DelegatingConstructorAccessorImpl.newInstance(DelegatingConstructorAccessorImpl.java:45)
	at org.openqa.selenium.remote.http.W3CHttpResponseCodec.createException(W3CHttpResponseCodec.java:187)
	at org.openqa.selenium.remote.http.W3CHttpResponseCodec.decode(W3CHttpResponseCodec.java:122)
	at org.openqa.selenium.remote.http.W3CHttpResponseCodec.decode(W3CHttpResponseCodec.java:49)
	at org.openqa.selenium.remote.HttpCommandExecutor.execute(HttpCommandExecutor.java:158)
	at org.openqa.selenium.remote.service.DriverCommandExecutor.execute(DriverCommandExecutor.java:83)
	at org.openqa.selenium.remote.RemoteWebDriver.execute(RemoteWebDriver.java:552)
	at com.kms.katalon.selenium.driver.CChromeDriver.execute(CChromeDriver.java:19)
	at org.openqa.selenium.remote.RemoteWebElement.execute(RemoteWebElement.java:285)
	at org.openqa.selenium.remote.RemoteWebElement.click(RemoteWebElement.java:84)
	at jdk.internal.reflect.GeneratedMethodAccessor13.invoke(Unknown Source)
	at java.base/jdk.internal.reflect.DelegatingMethodAccessorImpl.invoke(DelegatingMethodAccessorImpl.java:43)
	at org.openqa.selenium.support.events.EventFiringWebDriver$EventFiringWebElement.lambda$new$0(EventFiringWebDriver.java:404)
	at jdk.proxy2/jdk.proxy2.$Proxy24.click(Unknown Source)
	at org.openqa.selenium.support.events.EventFiringWebDriver$EventFiringWebElement.click(EventFiringWebDriver.java:417)
	at org.openqa.selenium.WebElement$click.call(Unknown Source)
	at com.kms.katalon.core.webui.keyword.builtin.ClickKeyword.clickUntilSuccessWithTimeout(ClickKeyword.groovy:81)
	at com.kms.katalon.core.webui.keyword.builtin.ClickKeyword.clickUntilSuccessWithTimeout(ClickKeyword.groovy)
	at jdk.internal.reflect.GeneratedMethodAccessor11.invoke(Unknown Source)
	at java.base/jdk.internal.reflect.DelegatingMethodAccessorImpl.invoke(DelegatingMethodAccessorImpl.java:43)
	at com.kms.katalon.core.webui.keyword.builtin.ClickKeyword$_click_closure1.doCall(ClickKeyword.groovy:67)
	at com.kms.katalon.core.webui.keyword.builtin.ClickKeyword$_click_closure1.call(ClickKeyword.groovy)
	at com.kms.katalon.core.webui.keyword.internal.WebUIKeywordMain.runKeyword(WebUIKeywordMain.groovy:20)
	... 20 more]]></system-err>
      </testcase>
      <testcase name="Test Cases/Menu/RT005 MenuClicks - Over Ons" time="5.197" classname="Test Cases/Menu/RT005 MenuClicks - Over Ons" status="FAILED">
         <failure type="FAILED" message="Test Cases/Menu/RT005 MenuClicks - Over Ons FAILED.&#xa;Reason:&#xa;com.kms.katalon.core.exception.StepFailedException: Unable to click on object 'Object Repository/MenuTopbar/btn_Menu_Diensten_SHT'&#xa;	at com.kms.katalon.core.webui.keyword.internal.WebUIKeywordMain.stepFailed(WebUIKeywordMain.groovy:64)&#xa;	at com.kms.katalon.core.webui.keyword.internal.WebUIKeywordMain.runKeyword(WebUIKeywordMain.groovy:26)&#xa;	at com.kms.katalon.core.webui.keyword.builtin.ClickKeyword.click(ClickKeyword.groovy:74)&#xa;	at com.kms.katalon.core.webui.keyword.builtin.ClickKeyword.execute(ClickKeyword.groovy:40)&#xa;	at com.kms.katalon.core.keyword.internal.KeywordExecutor.executeKeywordForPlatform(KeywordExecutor.groovy:74)&#xa;	at com.kms.katalon.core.webui.keyword.WebUiBuiltInKeywords.click(WebUiBuiltInKeywords.groovy:620)&#xa;	at RT005 MenuClicks - Over Ons.run(RT005 MenuClicks - Over Ons:36)&#xa;	at com.kms.katalon.core.main.ScriptEngine.run(ScriptEngine.java:194)&#xa;	at com.kms.katalon.core.main.ScriptEngine.runScriptAsRawText(ScriptEngine.java:119)&#xa;	at com.kms.katalon.core.main.TestCaseExecutor.runScript(TestCaseExecutor.java:448)&#xa;	at com.kms.katalon.core.main.TestCaseExecutor.doExecute(TestCaseExecutor.java:439)&#xa;	at com.kms.katalon.core.main.TestCaseExecutor.processExecutionPhase(TestCaseExecutor.java:418)&#xa;	at com.kms.katalon.core.main.TestCaseExecutor.accessMainPhase(TestCaseExecutor.java:410)&#xa;	at com.kms.katalon.core.main.TestCaseExecutor.execute(TestCaseExecutor.java:285)&#xa;	at com.kms.katalon.core.common.CommonExecutor.accessTestCaseMainPhase(CommonExecutor.java:65)&#xa;	at com.kms.katalon.core.main.TestSuiteExecutor.accessTestSuiteMainPhase(TestSuiteExecutor.java:148)&#xa;	at com.kms.katalon.core.main.TestSuiteExecutor.execute(TestSuiteExecutor.java:106)&#xa;	at com.kms.katalon.core.main.TestCaseMain.startTestSuite(TestCaseMain.java:187)&#xa;	at TempTestSuite1702899354599.run(TempTestSuite1702899354599.groovy:36)&#xa;	at java.base/jdk.internal.reflect.NativeMethodAccessorImpl.invoke0(Native Method)&#xa;	at java.base/jdk.internal.reflect.NativeMethodAccessorImpl.invoke(NativeMethodAccessorImpl.java:77)&#xa;	at java.base/jdk.internal.reflect.DelegatingMethodAccessorImpl.invoke(DelegatingMethodAccessorImpl.java:43)&#xa;Caused by: org.openqa.selenium.ElementNotInteractableException: element not interactable&#xa;  (Session info: chrome=120.0.6099.72)&#xa;Build info: version: '3.141.59', revision: 'e82be7d358', time: '2018-11-14T08:25:53'&#xa;System info: host: 'BERGTOP', ip: '192.168.1.100', os.name: 'Windows 11', os.arch: 'amd64', os.version: '10.0', java.version: '17.0.7'&#xa;Driver info: com.kms.katalon.selenium.driver.CChromeDriver&#xa;Capabilities {acceptInsecureCerts: false, browserName: chrome, browserVersion: 120.0.6099.72, chrome: {chromedriverVersion: 119.0.6045.105 (38c72552c5e..., userDataDir: C:\Users\maart\AppData\Loca...}, fedcm:accounts: true, goog:chromeOptions: {debuggerAddress: localhost:53414}, javascriptEnabled: true, networkConnectionEnabled: false, pageLoadStrategy: normal, platform: WINDOWS, platformName: WINDOWS, proxy: Proxy(), setWindowRect: true, strictFileInteractability: false, timeouts: {implicit: 0, pageLoad: 300000, script: 30000}, unhandledPromptBehavior: dismiss and notify, webauthn:extension:credBlob: true, webauthn:extension:largeBlob: true, webauthn:extension:minPinLength: true, webauthn:extension:prf: true, webauthn:virtualAuthenticators: true}&#xa;Session ID: 690794b611304aa346161a750fa9485c&#xa;	at java.base/jdk.internal.reflect.NativeConstructorAccessorImpl.newInstance0(Native Method)&#xa;	at java.base/jdk.internal.reflect.NativeConstructorAccessorImpl.newInstance(NativeConstructorAccessorImpl.java:77)&#xa;	at java.base/jdk.internal.reflect.DelegatingConstructorAccessorImpl.newInstance(DelegatingConstructorAccessorImpl.java:45)&#xa;	at org.openqa.selenium.remote.http.W3CHttpResponseCodec.createException(W3CHttpResponseCodec.java:187)&#xa;	at org.openqa.selenium.remote.http.W3CHttpResponseCodec.decode(W3CHttpResponseCodec.java:122)&#xa;	at org.openqa.selenium.remote.http.W3CHttpResponseCodec.decode(W3CHttpResponseCodec.java:49)&#xa;	at org.openqa.selenium.remote.HttpCommandExecutor.execute(HttpCommandExecutor.java:158)&#xa;	at org.openqa.selenium.remote.service.DriverCommandExecutor.execute(DriverCommandExecutor.java:83)&#xa;	at org.openqa.selenium.remote.RemoteWebDriver.execute(RemoteWebDriver.java:552)&
[...]

2023-12-18 12:39:30 - [MESSAGE][PASSED] - Actual text and expected text of test object 'Object Repository/Page_Over ons - RisQIT/h1_Over ons' are matched.

2023-12-18 12:39:30 - [TEST_STEP][PASSED] - navigateToUrl(URL + PRIVACYBELEID): Navigate to 'https://nlrisqitww-chaca.savviihq.com/privacybeleid/' successfully

2023-12-18 12:39:30 - [MESSAGE][PASSED] - Navigate to 'https://nlrisqitww-chaca.savviihq.com/privacybeleid/' successfully

2023-12-18 12:39:30 - [TEST_STEP][PASSED] - mouseOver(findTestObject("MenuTopbar/btn_Menu_OverOns")): Object: 'Object Repository/MenuTopbar/btn_Menu_OverOns' is hovered

2023-12-18 12:39:31 - [MESSAGE][PASSED] - Object: 'Object Repository/MenuTopbar/btn_Menu_OverOns' is hovered

2023-12-18 12:39:31 - [TEST_STEP][PASSED] - click(findTestObject("MenuTopbar/btn_Menu_OverOns_MissieVisie")): Object: 'Object Repository/MenuTopbar/btn_Menu_OverOns_MissieVisie' is clicked on

2023-12-18 12:39:31 - [MESSAGE][PASSED] - Object: 'Object Repository/MenuTopbar/btn_Menu_OverOns_MissieVisie' is clicked on

2023-12-18 12:39:31 - [TEST_STEP][PASSED] - verifyElementText(findTestObject("Object Repository/Page_Missie  Visie - RisQIT/h1_Missie  Visie"), "Missie & Visie"): Actual text and expected text of test object 'Object Repository/Page_Missie  Visie - RisQIT/h1_Missie  Visie' are matched.

2023-12-18 12:39:32 - [MESSAGE][PASSED] - Actual text and expected text of test object 'Object Repository/Page_Missie  Visie - RisQIT/h1_Missie  Visie' are matched.

2023-12-18 12:39:32 - [TEST_STEP][PASSED] - navigateToUrl(URL + PRIVACYBELEID): Navigate to 'https://nlrisqitww-chaca.savviihq.com/privacybeleid/' successfully

2023-12-18 12:39:32 - [MESSAGE][PASSED] - Navigate to 'https://nlrisqitww-chaca.savviihq.com/privacybeleid/' successfully

2023-12-18 12:39:32 - [TEST_STEP][PASSED] - mouseOver(findTestObject("MenuTopbar/btn_Menu_OverOns")): Object: 'Object Repository/MenuTopbar/btn_Menu_OverOns' is hovered

2023-12-18 12:39:33 - [MESSAGE][PASSED] - Object: 'Object Repository/MenuTopbar/btn_Menu_OverOns' is hovered

2023-12-18 12:39:33 - [TEST_STEP][PASSED] - click(findTestObject("MenuTopbar/btn_Menu_OverOns_HetGilde")): Object: 'Object Repository/MenuTopbar/btn_Menu_OverOns_HetGilde' is clicked on

2023-12-18 12:39:33 - [MESSAGE][PASSED] - Object: 'Object Repository/MenuTopbar/btn_Menu_OverOns_HetGilde' is clicked on

2023-12-18 12:39:33 - [TEST_STEP][PASSED] - verifyElementText(findTestObject("Object Repository/Page_Het Gilde - RisQIT/h1_Het Gilde"), "Het Gilde"): Actual text and expected text of test object 'Object Repository/Page_Het Gilde - RisQIT/h1_Het Gilde' are matched.

2023-12-18 12:39:34 - [MESSAGE][PASSED] - Actual text and expected text of test object 'Object Repository/Page_Het Gilde - RisQIT/h1_Het Gilde' are matched.

2023-12-18 12:39:34 - [TEST_STEP][PASSED] - navigateToUrl(URL + PRIVACYBELEID): Navigate to 'https://nlrisqitww-chaca.savviihq.com/privacybeleid/' successfully

2023-12-18 12:39:34 - [MESSAGE][PASSED] - Navigate to 'https://nlrisqitww-chaca.savviihq.com/privacybeleid/' successfully

2023-12-18 12:39:34 - [TEST_STEP][PASSED] - mouseOver(findTestObject("MenuTopbar/btn_Menu_OverOns")): Object: 'Object Repository/MenuTopbar/btn_Menu_OverOns' is hovered

2023-12-18 12:39:34 - [MESSAGE][PASSED] - Object: 'Object Repository/MenuTopbar/btn_Menu_OverOns' is hovered

2023-12-18 12:39:34 - [TEST_STEP][PASSED] - click(findTestObject("MenuTopbar/btn_Menu_OverOns_SuperTester")): Object: 'Object Repository/MenuTopbar/btn_Menu_OverOns_SuperTester' is clicked on

2023-12-18 12:39:36 - [MESSAGE][PASSED] - Object: 'Object Repository/MenuTopbar/btn_Menu_OverOns_SuperTester' is clicked on

2023-12-18 12:39:36 - [TEST_STEP][PASSED] - verifyElementText(findTestObject("Object Repository/Page_SuperTester - RisQIT/h1_Whitepaper SuperTester"), "Whitepaper SuperTester"): Actual text and expected text of test object 'Object Repository/Page_SuperTester - RisQIT/h1_Whitepaper SuperTester' are matched.

2023-12-18 12:39:36 - [MESSAGE][PASSED] - Actual text and expected text of test object 'Object Repository/Page_SuperTester - RisQIT/h1_Whitepaper SuperTester' are matched.

2023-12-18 12:39:36 - [TEST_STEP][PASSED] - navigateToUrl(URL + PRIVACYBELEID): Navigate to 'https://nlrisqitww-chaca.savviihq.com/privacybeleid/' successfully

2023-12-18 12:39:36 - [MESSAGE][PASSED] - Navigate to 'https://nlrisqitww-chaca.savviihq.com/privacybeleid/' successfully

2023-12-18 12:39:36 - [TEST_STEP][PASSED] - click(findTestObject("MenuTopbar/btn_Menu_Blog")): Object: 'Object Repository/MenuTopbar/btn_Menu_Blog' is clicked on

2023-12-18 12:39:37 - [MESSAGE][PASSED] - Object: 'Object Repository/MenuTopbar/btn_Menu_Blog' is clicked on

2023-12-18 12:39:37 - [TEST_STEP][PASSED] - verifyElementText(findTestObject("Object Repository/Page_Blog - RisQIT/h1_Blog"), "Blog"): Actual text and expected text of test object 'Object Repository/Page_Blog - RisQIT/h1_Blog' are matched.

2023-12-18 12:39:38 - [MESSAGE][PASSED] - Actual text and expected text of test object 'Object Repository/Page_Blog - RisQIT/h1_Blog' are matched.

2023-12-18 12:39:38 - [TEST_STEP][PASSED] - click(findTestObject("MenuTopbar/btn_Menu_Vacatures")): Object: 'Object Repository/MenuTopbar/btn_Menu_Vacatures' is clicked on

2023-12-18 12:39:38 - [MESSAGE][PASSED] - Object: 'Object Repository/MenuTopbar/btn_Menu_Vacatures' is clicked on

2023-12-18 12:39:38 - [TEST_STEP][PASSED] - verifyElementText(findTestObject("Object Repository/Page_Vacatures - RisQIT/h1_Vacatures"), "Vacatures"): Actual text and expected text of test object 'Object Repository/Page_Vacatures - RisQIT/h1_Vacatures' are matched.

2023-12-18 12:39:39 - [MESSAGE][PASSED] - Actual text and expected text of test object 'Object Repository/Page_Vacatures - RisQIT/h1_Vacatures' are matched.

2023-12-18 12:39:39 - [TEST_STEP][PASSED] - navigateToUrl(URL + PRIVACYBELEID): Navigate to 'https://nlrisqitww-chaca.savviihq.com/privacybeleid/' successfully

2023-12-18 12:39:39 - [MESSAGE][PASSED] - Navigate to 'https://nlrisqitww-chaca.savviihq.com/privacybeleid/' successfully

2023-12-18 12:39:39 - [TEST_STEP][PASSED] - click(findTestObject("Object Repository/MenuTopbar/Page_Vacatures - RisQIT/div_Contact opnemen")): Object: 'Object Repository/MenuTopbar/Page_Vacatures - RisQIT/div_Contact opnemen' is clicked on

2023-12-18 12:39:39 - [MESSAGE][PASSED] - Object: 'Object Repository/MenuTopbar/Page_Vacatures - RisQIT/div_Contact opnemen' is clicked on

2023-12-18 12:39:39 - [TEST_STEP][PASSED] - verifyElementText(findTestObject("Object Repository/Page_Contact - RisQIT/h1_Contact"), "Contact"): Actual text and expected text of test object 'Object Repository/Page_Contact - RisQIT/h1_Contact' are matched.

2023-12-18 12:39:39 - [MESSAGE][PASSED] - Actual text and expected text of test object 'Object Repository/Page_Contact - RisQIT/h1_Contact' are matched.

2023-12-18 12:39:39 - [TEST_STEP][PASSED] - click(findTestObject("MenuTopbar/img_Logo")): Object: 'Object Repository/MenuTopbar/img_Logo' is clicked on

2023-12-18 12:39:40 - [MESSAGE][PASSED] - Object: 'Object Repository/MenuTopbar/img_Logo' is clicked on

2023-12-18 12:39:40 - [TEST_STEP][PASSED] - verifyElementText(findTestObject("Object Repository/Page_Home - RisQIT/h1_Ga voor duurzaamheid en vertrouwen, same_4bc4a8"), "Ga voor duurzaamheid en vertrouwen, samen met ons!"): Actual text and expected text of test object 'Object Repository/Page_Home - RisQIT/h1_Ga voor duurzaamheid en vertrouwen, same_4bc4a8' are matched.

2023-12-18 12:39:40 - [MESSAGE][PASSED] - Actual text and expected text of test object 'Object Repository/Page_Home - RisQIT/h1_Ga voor duurzaamheid en vertrouwen, same_4bc4a8' are matched.

2023-12-18 12:39:40 - [TEST_STEP][PASSED] - closeBrowser(): Browser is closed

2023-12-18 12:39:41 - [MESSAGE][PASSED] - Browser is closed]]></system-out>
         <system-err><![CDATA[]]></system-err>
      </testcase>
      <system-out><![CDATA[2023-12-18 12:36:01 - [TEST_SUITE][FAILED] - TS01 MenuCheck: Test Cases/Menu/RT004 MenuClicks - UX-Lab FAILED.
Reason:
com.kms.katalon.core.exception.StepFailedException: Unable to click on object 'Object Repository/MenuTopbar/btn_Menu_Diensten_SoftwareTesting'
	at com.kms.katalon.core.webui.keyword.internal.WebUIKeywordMain.stepFailed(WebUIKeywordMain.groovy:64)
	at com.kms.katalon.core.webui.keyword.internal.WebUIKeywordMain.runKeyword(WebUIKeywordMain.groovy:26)
	at com.kms.katalon.core.webui.keyword.builtin.ClickKeyword.click(ClickKeyword.groovy:74)
	at com.kms.katalon.core.webui.keyword.builtin.ClickKeyword.execute(ClickKeyword.groovy:40)
	at com.kms.katalon.core.keyword.internal.KeywordExecutor.executeKeywordForPlatform(KeywordExecutor.groovy:74)
	at com.kms.katalon.core.webui.keyword.WebUiBuiltInKeywords.click(WebUiBuiltInKeywords.groovy:620)
	at RT004 MenuClicks - UX-Lab.run(RT004 MenuClicks - UX-Lab:28)
	at com.kms.katalon.core.main.ScriptEngine.run(ScriptEngine.java:194)
	at com.kms.katalon.core.main.ScriptEngine.runScriptAsRawText(ScriptEngine.java:119)
	at com.kms.katalon.core.main.TestCaseExecutor.runScript(TestCaseExecutor.java:448)
	at com.kms.katalon.core.main.TestCaseExecutor.doExecute(TestCaseExecutor.java:439)
	at com.kms.katalon.core.main.TestCaseExecutor.processExecutionPhase(TestCaseExecutor.java:418)
	at com.kms.katalon.core.main.TestCaseExecutor.accessMainPhase(TestCaseExecutor.java:410)
	at com.kms.katalon.core.main.TestCaseExecutor.execute(TestCaseExecutor.java:285)
	at com.kms.katalon.core.common.CommonExecutor.accessTestCaseMainPhase(CommonExecutor.java:65)
	at com.kms.katalon.core.main.TestSuiteExecutor.accessTestSuiteMainPhase(TestSuiteExecutor.java:148)
	at com.kms.katalon.core.main.TestSuiteExecutor.execute(TestSuiteExecutor.java:106)
	at com.kms.katalon.core.main.TestCaseMain.startTestSuite(TestCaseMain.java:187)
	at TempTestSuite1702899354599.run(TempTestSuite1702899354599.groovy:36)
	at java.base/jdk.internal.reflect.NativeMethodAccessorImpl.invoke0(Native Method)
	at java.base/jdk.internal.reflect.NativeMethodAccessorImpl.invoke(NativeMethodAccessorImpl.java:77)
	at java.base/jdk.internal.reflect.DelegatingMethodAccessorImpl.invoke(DelegatingMethodAccessorImpl.java:43)
Caused by: org.openqa.selenium.ElementNotInteractableException: element not interactable
  (Session info: chrome=120.0.6099.72)
Build info: version: '3.141.59', revision: 'e82be7d358', time: '2018-11-14T08:25:53'
System info: host: 'BERGTOP', ip: '192.168.1.100', os.name: 'Windows 11', os.arch: 'amd64', os.version: '10.0', java.version: '17.0.7'
Driver info: com.kms.katalon.selenium.driver.CChromeDriver
Capabilities {acceptInsecureCerts: false, browserName: chrome, browserVersion: 120.0.6099.72, chrome: {chromedriverVersion: 119.0.6045.105 (38c72552c5e..., userDataDir: C:\Users\maart\AppData\Loca...}, fedcm:accounts: true, goog:chromeOptions: {debuggerAddress: localhost:53385}, javascriptEnabled: true, networkConnectionEnabled: false, pageLoadStrategy: normal, platform: WINDOWS, platformName: WINDOWS, proxy: Proxy(), setWindowRect: true, strictFileInteractability: false, timeouts: {implicit: 0, pageLoad: 300000, script: 30000}, unhandledPromptBehavior: dismiss and notify, webauthn:extension:credBlob: true, webauthn:extension:largeBlob: true, webauthn:extension:minPinLength: true, webauthn:extension:prf: true, webauthn:virtualAuthenticators: true}
Session ID: f7a6047c7f0aad5c21d350eac8d2cb88
	at java.base/jdk.internal.reflect.NativeConstructorAccessorImpl.newInstance0(Native Method)
	at java.base/jdk.internal.reflect.NativeConstructorAccessorImpl.newInstance(NativeConstructorAccessorImpl.java:77)
	at java.base/jdk.internal.reflect.DelegatingConstructorAccessorImpl.newInstance(DelegatingConstructorAccessorImpl.java:45)
	at org.openqa.selenium.remote.http.W3CHttpResponseCodec.createException(W3CHttpResponseCodec.java:187)
	at org.openqa.selenium.remote.http.W3CHttpResponseCodec.decode(W3CHttpResponseCodec.java:122)
	at org.openqa.selenium.remote.http.W3CHttpResponseCodec.decode(W3CHttpResponseCodec.java:49)
	at org.openqa.selenium.remote.HttpCommandExecutor.execute(HttpCommandExecutor.java:158)
	at org.openqa.selenium.remote.service.DriverCommandExecutor.execute(DriverCommandExecutor.java:83)
	at org.openqa.selenium.remote.RemoteWebDriver.execute(RemoteWebDriver.java:552)
	at com.kms.katalon.selenium.driver.CChromeDriver.execute(CChromeDriver.java:19)
	at org.openqa.selenium.remote.RemoteWebElement.execute(RemoteWebElement.java:285)
	at org.openqa.selenium.remote.RemoteWebElement.click(RemoteWebElement.java:84)
	at jdk.internal.reflect.GeneratedMethodAccessor13.invoke(Unknown Source)
	at java.base/jdk.internal.reflect.DelegatingMethodAccessorImpl.invoke(DelegatingMethodAccessorImpl.java:43)
	at org.openqa.selenium.support.events.EventFiringWebDriver$EventFiringWebElement.lambda$new$0(EventFiringWebDriver.java:404)
	at jdk.proxy2/jdk.proxy2.$Proxy24.click(Unknown Source)
	at org.openqa.selenium.support.events.EventFiringWebDriver$EventFiringWebElement.click(EventFiringWebDriver.java:417)
	at org.openqa.selenium.WebElement$click.call(Unknown Source)
	at com.kms.katalon.core.webui.keyword.builtin.ClickKeyword.clickUntilSuccessWithTimeout(ClickKeyword.groovy:81)
	at com.kms.katalon.core.webui.keyword.builtin.ClickKeyword.clickUntilSuccessWithTimeout(ClickKeyword.groovy)
	at jdk.internal.reflect.GeneratedMethodAccessor11.invoke(Unknown Source)
	at java.base/jdk.internal.reflect.DelegatingMethodAccessorImpl.invoke(DelegatingMethodAccessorImpl.java:43)
	at com.kms.katalon.core.webui.keyword.builtin.ClickKeyword$_click_closure1.doCall(ClickKeyword.groovy:67)
	at com.kms.katalon.core.webui.keyword.builtin.ClickKeyword$_click_closure1.call(ClickKeyword.groovy)
	at com.kms.katalon.core.webui.keyword.internal.WebUIKeywordMain.runKeyword(WebUIKeywordMain.groovy:20)
	... 20 more]]></system-out>
      <system-err><![CDATA[2023-12-18 12:36:01 - [TEST_SUITE][FAILED] - TS01 MenuCheck: Test Cases/Menu/RT004 MenuClicks - UX-Lab FAILED.
Reason:
com.kms.katalon.core.exception.StepFailedException: Unable to click on object 'Object Repository/MenuTopbar/btn_Menu_Diensten_SoftwareTesting'
	at com.kms.katalon.core.webui.keyword.internal.WebUIKeywordMain.stepFailed(WebUIKeywordMain.groovy:64)
	at com.kms.katalon.core.webui.keyword.internal.WebUIKeywordMain.runKeyword(WebUIKeywordMain.groovy:26)
	at com.kms.katalon.core.webui.keyword.builtin.ClickKeyword.click(ClickKeyword.groovy:74)
	at com.kms.katalon.core.webui.keyword.builtin.ClickKeyword.execute(ClickKeyword.groovy:40)
	at com.kms.katalon.core.keyword.internal.KeywordExecutor.executeKeywordForPlatform(KeywordExecutor.groovy:74)
	at com.kms.katalon.core.webui.keyword.WebUiBuiltInKeywords.click(WebUiBuiltInKeywords.groovy:620)
	at RT004 MenuClicks - UX-Lab.run(RT004 MenuClicks - UX-Lab:28)
	at com.kms.katalon.core.main.ScriptEngine.run(ScriptEngine.java:194)
	at com.kms.katalon.core.main.ScriptEngine.runScriptAsRawText(ScriptEngine.java:119)
	at com.kms.katalon.core.main.TestCaseExecutor.runScript(TestCaseExecutor.java:448)
	at com.kms.katalon.core.main.TestCaseExecutor.doExecute(TestCaseExecutor.java:439)
	at com.kms.katalon.core.main.TestCaseExecutor.processExecutionPhase(TestCaseExecutor.java:418)
	at com.kms.katalon.core.main.TestCaseExecutor.accessMainPhase(TestCaseExecutor.java:410)
	at com.kms.katalon.core.main.TestCaseExecutor.execute(TestCaseExecutor.java:285)
	at com.kms.katalon.core.common.CommonExecutor.accessTestCaseMainPhase(CommonExecutor.java:65)
	at com.kms.katalon.core.main.TestSuiteExecutor.accessTestSuiteMainPhase(TestSuiteExecutor.java:148)
	at com.kms.katalon.core.main.TestSuiteExecutor.execute(TestSuiteExecutor.java:106)
	at com.kms.katalon.core.main.TestCaseMain.startTestSuite(TestCaseMain.java:187)
	at TempTestSuite1702899354599.run(TempTestSuite1702899354599.groovy:36)
	at java.base/jdk.internal.reflect.NativeMethodAccessorImpl.invoke0(Native Method)
	at java.base/jdk.internal.reflect.NativeMethodAccessorImpl.invoke(NativeMethodAccessorImpl.java:77)
	at java.base/jdk.internal.reflect.DelegatingMethodAccessorImpl.invoke(DelegatingMethodAccessorImpl.java:43)
Caused by: org.openqa.selenium.ElementNotInteractableException: element not interactable
  (Session info: chrome=120.0.6099.72)
Build info: version: '3.141.59', revision: 'e82be7d358', time: '2018-11-14T08:25:53'
System info: host: 'BERGTOP', ip: '192.168.1.100', os.name: 'Windows 11', os.arch: 'amd64', os.version: '10.0', java.version: '17.0.7'
Driver info: com.kms.katalon.selenium.driver.CChromeDriver
Capabilities {acceptInsecureCerts: false, browserName: chrome, browserVersion: 120.0.6099.72, chrome: {chromedriverVersion: 119.0.6045.105 (38c72552c5e..., userDataDir: C:\Users\maart\AppData\Loca...}, fedcm:accounts: true, goog:chromeOptions: {debuggerAddress: localhost:53385}, javascriptEnabled: true, networkConnectionEnabled: false, pageLoadStrategy: normal, platform: WINDOWS, platformName: WINDOWS, proxy: Proxy(), setWindowRect: true, strictFileInteractability: false, timeouts: {implicit: 0, pageLoad: 300000, script: 30000}, unhandledPromptBehavior: dismiss and notify, webauthn:extension:credBlob: true, webauthn:extension:largeBlob: true, webauthn:extension:minPinLength: true, webauthn:extension:prf: true, webauthn:virtualAuthenticators: true}
Session ID: f7a6047c7f0aad5c21d350eac8d2cb88
	at java.base/jdk.internal.reflect.NativeConstructorAccessorImpl.newInstance0(Native Method)
	at java.base/jdk.internal.reflect.NativeConstructorAccessorImpl.newInstance(NativeConstructorAccessorImpl.java:77)
	at java.base/jdk.internal.reflect.DelegatingConstructorAccessorImpl.newInstance(DelegatingConstructorAccessorImpl.java:45)
	at org.openqa.selenium.remote.http.W3CHttpResponseCodec.createException(W3CHttpResponseCodec.java:187)
	at org.openqa.selenium.remote.http.W3CHttpResponseCodec.decode(W3CHttpResponseCodec.java:122)
	at org.openqa.selenium.remote.http.W3CHttpResponseCodec.decode(W3CHttpResponseCodec.java:49)
	at org.openqa.selenium.remote.HttpCommandExecutor.execute(HttpCommandExecutor.java:158)
	at org.openqa.selenium.remote.service.DriverCommandExecutor.execute(DriverCommandExecutor.java:83)
	at org.openqa.selenium.remote.RemoteWebDriver.execute(RemoteWebDriver.java:552)
	at com.kms.katalon.selenium.driver.CChromeDriver.execute(CChromeDriver.java:19)
	at org.openqa.selenium.remote.RemoteWebElement.execute(RemoteWebElement.java:285)
	at org.openqa.selenium.remote.RemoteWebElement.click(RemoteWebElement.java:84)
	at jdk.internal.reflect.GeneratedMethodAccessor13.invoke(Unknown Source)
	at java.base/jdk.internal.reflect.DelegatingMethodAccessorImpl.invoke(DelegatingMethodAccessorImpl.java:43)
	at org.openqa.selenium.support.events.EventFiringWebDriver$EventFiringWebElement.lambda$new$0(EventFiringWebDriver.java:404)
	at jdk.proxy2/jdk.proxy2.$Proxy24.click(Unknown Source)
	at org.openqa.selenium.support.events.EventFiringWebDriver$EventFiringWebElement.click(EventFiringWebDriver.java:417)
	at org.openqa.selenium.WebElement$click.call(Unknown Source)
	at com.kms.katalon.core.webui.keyword.builtin.ClickKeyword.clickUntilSuccessWithTimeout(ClickKeyword.groovy:81)
	at com.kms.katalon.core.webui.keyword.builtin.ClickKeyword.clickUntilSuccessWithTimeout(ClickKeyword.groovy)
	at jdk.internal.reflect.GeneratedMethodAccessor11.invoke(Unknown Source)
	at java.base/jdk.internal.reflect.DelegatingMethodAccessorImpl.invoke(DelegatingMethodAccessorImpl.java:43)
	at com.kms.katalon.core.webui.keyword.builtin.ClickKeyword$_click_closure1.doCall(ClickKeyword.groovy:67)
	at com.kms.katalon.core.webui.keyword.builtin.ClickKeyword$_click_closure1.call(ClickKeyword.groovy)
	at com.kms.katalon.core.webui.keyword.internal.WebUIKeywordMain.runKeyword(WebUIKeywordMain.groovy:20)
	... 20 more]]></system-err>
   </testsuite>
</testsuites>
